  [1m[36m (0.1ms)[0m  [1mbegin transaction[0m
-----------------------------------------------
StaticPagesControllerTest: test_should_get_help
-----------------------------------------------
Processing by StaticPagesController#help as HTML
  Rendered static_pages/help.html.erb within layouts/application (1.7ms)
Completed 200 OK in 1036ms (Views: 1035.3ms | ActiveRecord: 0.0ms)
  [1m[35m (0.1ms)[0m  rollback transaction
  [1m[36m (0.1ms)[0m  [1mbegin transaction[0m
-----------------------------------------------
StaticPagesControllerTest: test_should_get_home
-----------------------------------------------
Processing by StaticPagesController#home as HTML
  Rendered static_pages/home.html.erb within layouts/application (0.6ms)
Completed 200 OK in 3ms (Views: 3.0ms | ActiveRecord: 0.0ms)
  [1m[35m (0.1ms)[0m  rollback transaction
  [1m[36m (0.1ms)[0m  [1mbegin transaction[0m
-----------------------------------------------
StaticPagesControllerTest: test_should_get_help
-----------------------------------------------
Processing by StaticPagesController#help as HTML
  Rendered static_pages/help.html.erb within layouts/application (1.1ms)
Completed 200 OK in 54ms (Views: 54.1ms | ActiveRecord: 0.0ms)
  [1m[35m (0.1ms)[0m  rollback transaction
  [1m[36m (0.1ms)[0m  [1mbegin transaction[0m
-----------------------------------------------
StaticPagesControllerTest: test_should_get_home
-----------------------------------------------
Processing by StaticPagesController#home as HTML
  Rendered static_pages/home.html.erb within layouts/application (0.5ms)
Completed 200 OK in 3ms (Views: 2.6ms | ActiveRecord: 0.0ms)
  [1m[35m (0.1ms)[0m  rollback transaction
  [1m[36m (0.1ms)[0m  [1mbegin transaction[0m
-----------------------------------------------
StaticPagesControllerTest: test_should_get_help
-----------------------------------------------
Processing by StaticPagesController#help as HTML
  Rendered static_pages/help.html.erb within layouts/application (1.8ms)
Completed 200 OK in 59ms (Views: 58.7ms | ActiveRecord: 0.0ms)
  [1m[35m (0.1ms)[0m  rollback transaction
  [1m[36m (0.1ms)[0m  [1mbegin transaction[0m
-----------------------------------------------
StaticPagesControllerTest: test_should_get_home
-----------------------------------------------
Processing by StaticPagesController#home as HTML
  Rendered static_pages/home.html.erb within layouts/application (0.3ms)
Completed 200 OK in 3ms (Views: 2.4ms | ActiveRecord: 0.0ms)
  [1m[35m (0.1ms)[0m  rollback transaction
  [1m[36m (0.1ms)[0m  [1mbegin transaction[0m
------------------------------------------------
StaticPagesControllerTest: test_should_get_about
------------------------------------------------
  [1m[35m (0.1ms)[0m  rollback transaction
  [1m[36m (0.0ms)[0m  [1mbegin transaction[0m
-----------------------------------------------
StaticPagesControllerTest: test_should_get_help
-----------------------------------------------
Processing by StaticPagesController#help as HTML
  Rendered static_pages/help.html.erb within layouts/application (1.1ms)
Completed 200 OK in 57ms (Views: 57.1ms | ActiveRecord: 0.0ms)
  [1m[35m (0.1ms)[0m  rollback transaction
  [1m[36m (0.0ms)[0m  [1mbegin transaction[0m
-----------------------------------------------
StaticPagesControllerTest: test_should_get_home
-----------------------------------------------
Processing by StaticPagesController#home as HTML
  Rendered static_pages/home.html.erb within layouts/application (0.5ms)
Completed 200 OK in 2ms (Views: 2.1ms | ActiveRecord: 0.0ms)
  [1m[35m (0.1ms)[0m  rollback transaction
  [1m[36m (0.1ms)[0m  [1mbegin transaction[0m
------------------------------------------------
StaticPagesControllerTest: test_should_get_about
------------------------------------------------
  [1m[35m (0.1ms)[0m  rollback transaction
  [1m[36m (0.1ms)[0m  [1mbegin transaction[0m
-----------------------------------------------
StaticPagesControllerTest: test_should_get_help
-----------------------------------------------
Processing by StaticPagesController#help as HTML
  Rendered static_pages/help.html.erb within layouts/application (1.1ms)
Completed 200 OK in 58ms (Views: 57.8ms | ActiveRecord: 0.0ms)
  [1m[35m (0.1ms)[0m  rollback transaction
  [1m[36m (0.0ms)[0m  [1mbegin transaction[0m
-----------------------------------------------
StaticPagesControllerTest: test_should_get_home
-----------------------------------------------
Processing by StaticPagesController#home as HTML
  Rendered static_pages/home.html.erb within layouts/application (0.3ms)
Completed 200 OK in 2ms (Views: 1.6ms | ActiveRecord: 0.0ms)
  [1m[35m (0.1ms)[0m  rollback transaction
  [1m[36m (0.1ms)[0m  [1mbegin transaction[0m
------------------------------------------------
StaticPagesControllerTest: test_should_get_about
------------------------------------------------
Processing by StaticPagesController#about as HTML
Completed 500 Internal Server Error in 12ms
  [1m[35m (0.1ms)[0m  rollback transaction
  [1m[36m (0.1ms)[0m  [1mbegin transaction[0m
-----------------------------------------------
StaticPagesControllerTest: test_should_get_help
-----------------------------------------------
Processing by StaticPagesController#help as HTML
  Rendered static_pages/help.html.erb within layouts/application (1.6ms)
Completed 200 OK in 58ms (Views: 57.5ms | ActiveRecord: 0.0ms)
  [1m[35m (0.1ms)[0m  rollback transaction
  [1m[36m (0.0ms)[0m  [1mbegin transaction[0m
-----------------------------------------------
StaticPagesControllerTest: test_should_get_home
-----------------------------------------------
Processing by StaticPagesController#home as HTML
  Rendered static_pages/home.html.erb within layouts/application (0.3ms)
Completed 200 OK in 2ms (Views: 1.6ms | ActiveRecord: 0.0ms)
  [1m[35m (0.0ms)[0m  rollback transaction
  [1m[36m (0.1ms)[0m  [1mbegin transaction[0m
------------------------------------------------
StaticPagesControllerTest: test_should_get_about
------------------------------------------------
Processing by StaticPagesController#about as HTML
  Rendered static_pages/about.html.erb within layouts/application (1.6ms)
Completed 200 OK in 57ms (Views: 57.1ms | ActiveRecord: 0.0ms)
  [1m[35m (0.1ms)[0m  rollback transaction
  [1m[36m (0.2ms)[0m  [1mbegin transaction[0m
-----------------------------------------------
StaticPagesControllerTest: test_should_get_help
-----------------------------------------------
Processing by StaticPagesController#help as HTML
  Rendered static_pages/help.html.erb within layouts/application (0.4ms)
Completed 200 OK in 2ms (Views: 2.2ms | ActiveRecord: 0.0ms)
  [1m[35m (0.1ms)[0m  rollback transaction
  [1m[36m (0.1ms)[0m  [1mbegin transaction[0m
-----------------------------------------------
StaticPagesControllerTest: test_should_get_home
-----------------------------------------------
Processing by StaticPagesController#home as HTML
  Rendered static_pages/home.html.erb within layouts/application (0.4ms)
Completed 200 OK in 2ms (Views: 2.0ms | ActiveRecord: 0.0ms)
  [1m[35m (0.1ms)[0m  rollback transaction
  [1m[36m (0.1ms)[0m  [1mbegin transaction[0m
------------------------------------------------
StaticPagesControllerTest: test_should_get_about
------------------------------------------------
Processing by StaticPagesController#about as HTML
  Rendered static_pages/about.html.erb within layouts/application (1.1ms)
Completed 200 OK in 63ms (Views: 62.5ms | ActiveRecord: 0.0ms)
  [1m[35m (0.1ms)[0m  rollback transaction
  [1m[36m (0.1ms)[0m  [1mbegin transaction[0m
-----------------------------------------------
StaticPagesControllerTest: test_should_get_help
-----------------------------------------------
Processing by StaticPagesController#help as HTML
  Rendered static_pages/help.html.erb within layouts/application (0.5ms)
Completed 200 OK in 2ms (Views: 2.3ms | ActiveRecord: 0.0ms)
  [1m[35m (0.1ms)[0m  rollback transaction
  [1m[36m (0.1ms)[0m  [1mbegin transaction[0m
-----------------------------------------------
StaticPagesControllerTest: test_should_get_home
-----------------------------------------------
Processing by StaticPagesController#home as HTML
  Rendered static_pages/home.html.erb within layouts/application (0.4ms)
Completed 200 OK in 3ms (Views: 2.6ms | ActiveRecord: 0.0ms)
  [1m[35m (0.1ms)[0m  rollback transaction
  [1m[36m (0.1ms)[0m  [1mbegin transaction[0m
------------------------------------------------
StaticPagesControllerTest: test_should_get_about
------------------------------------------------
Processing by StaticPagesController#about as HTML
  Rendered static_pages/about.html.erb within layouts/application (1.1ms)
Completed 200 OK in 61ms (Views: 60.2ms | ActiveRecord: 0.0ms)
  [1m[35m (0.1ms)[0m  rollback transaction
  [1m[36m (0.0ms)[0m  [1mbegin transaction[0m
-----------------------------------------------
StaticPagesControllerTest: test_should_get_help
-----------------------------------------------
Processing by StaticPagesController#help as HTML
  Rendered static_pages/help.html.erb within layouts/application (0.3ms)
Completed 200 OK in 2ms (Views: 1.9ms | ActiveRecord: 0.0ms)
  [1m[35m (0.1ms)[0m  rollback transaction
  [1m[36m (0.0ms)[0m  [1mbegin transaction[0m
-----------------------------------------------
StaticPagesControllerTest: test_should_get_home
-----------------------------------------------
Processing by StaticPagesController#home as HTML
  Rendered static_pages/home.html.erb within layouts/application (0.3ms)
Completed 200 OK in 2ms (Views: 1.6ms | ActiveRecord: 0.0ms)
  [1m[35m (0.0ms)[0m  rollback transaction
  [1m[36m (0.1ms)[0m  [1mbegin transaction[0m
------------------------------------------------
StaticPagesControllerTest: test_should_get_about
------------------------------------------------
Processing by StaticPagesController#about as HTML
  Rendered static_pages/about.html.erb within layouts/application (1.2ms)
Completed 200 OK in 59ms (Views: 58.4ms | ActiveRecord: 0.0ms)
  [1m[35m (0.1ms)[0m  rollback transaction
  [1m[36m (0.0ms)[0m  [1mbegin transaction[0m
-----------------------------------------------
StaticPagesControllerTest: test_should_get_help
-----------------------------------------------
Processing by StaticPagesController#help as HTML
  Rendered static_pages/help.html.erb within layouts/application (0.4ms)
Completed 200 OK in 2ms (Views: 1.7ms | ActiveRecord: 0.0ms)
  [1m[35m (0.0ms)[0m  rollback transaction
  [1m[36m (0.0ms)[0m  [1mbegin transaction[0m
-----------------------------------------------
StaticPagesControllerTest: test_should_get_home
-----------------------------------------------
Processing by StaticPagesController#home as HTML
  Rendered static_pages/home.html.erb within layouts/application (0.6ms)
Completed 500 Internal Server Error in 2ms
  [1m[35m (0.0ms)[0m  rollback transaction
  [1m[36m (0.1ms)[0m  [1mbegin transaction[0m
------------------------------------------------
StaticPagesControllerTest: test_should_get_about
------------------------------------------------
Processing by StaticPagesController#about as HTML
  Rendered static_pages/about.html.erb within layouts/application (1.5ms)
Completed 200 OK in 61ms (Views: 60.7ms | ActiveRecord: 0.0ms)
  [1m[35m (0.1ms)[0m  rollback transaction
  [1m[36m (0.0ms)[0m  [1mbegin transaction[0m
-----------------------------------------------
StaticPagesControllerTest: test_should_get_help
-----------------------------------------------
Processing by StaticPagesController#help as HTML
  Rendered static_pages/help.html.erb within layouts/application (0.3ms)
Completed 200 OK in 2ms (Views: 1.7ms | ActiveRecord: 0.0ms)
  [1m[35m (0.1ms)[0m  rollback transaction
  [1m[36m (0.0ms)[0m  [1mbegin transaction[0m
-----------------------------------------------
StaticPagesControllerTest: test_should_get_home
-----------------------------------------------
Processing by StaticPagesController#home as HTML
  Rendered static_pages/home.html.erb within layouts/application (0.7ms)
Completed 500 Internal Server Error in 2ms
  [1m[35m (0.0ms)[0m  rollback transaction
  [1m[36m (0.1ms)[0m  [1mbegin transaction[0m
------------------------------------------------
StaticPagesControllerTest: test_should_get_about
------------------------------------------------
Processing by StaticPagesController#about as HTML
  Rendered static_pages/about.html.erb within layouts/application (1.7ms)
Completed 200 OK in 55ms (Views: 54.9ms | ActiveRecord: 0.0ms)
  [1m[35m (0.1ms)[0m  rollback transaction
  [1m[36m (0.0ms)[0m  [1mbegin transaction[0m
-----------------------------------------------
StaticPagesControllerTest: test_should_get_help
-----------------------------------------------
Processing by StaticPagesController#help as HTML
  Rendered static_pages/help.html.erb within layouts/application (0.3ms)
Completed 200 OK in 2ms (Views: 1.6ms | ActiveRecord: 0.0ms)
  [1m[35m (0.0ms)[0m  rollback transaction
  [1m[36m (0.0ms)[0m  [1mbegin transaction[0m
-----------------------------------------------
StaticPagesControllerTest: test_should_get_home
-----------------------------------------------
Processing by StaticPagesController#home as HTML
  Rendered static_pages/home.html.erb within layouts/application (0.3ms)
Completed 200 OK in 2ms (Views: 1.5ms | ActiveRecord: 0.0ms)
  [1m[35m (0.0ms)[0m  rollback transaction
  [1m[36m (0.1ms)[0m  [1mbegin transaction[0m
------------------------------------------------
StaticPagesControllerTest: test_should_get_about
------------------------------------------------
Processing by StaticPagesController#about as HTML
  Rendered static_pages/about.html.erb within layouts/application (2.3ms)
Completed 200 OK in 22ms (Views: 21.5ms | ActiveRecord: 0.0ms)
  [1m[35m (0.1ms)[0m  rollback transaction
  [1m[36m (0.1ms)[0m  [1mbegin transaction[0m
-----------------------------------------------
StaticPagesControllerTest: test_should_get_help
-----------------------------------------------
Processing by StaticPagesController#help as HTML
  Rendered static_pages/help.html.erb within layouts/application (0.5ms)
Completed 200 OK in 2ms (Views: 1.9ms | ActiveRecord: 0.0ms)
  [1m[35m (0.0ms)[0m  rollback transaction
  [1m[36m (0.0ms)[0m  [1mbegin transaction[0m
-----------------------------------------------
StaticPagesControllerTest: test_should_get_home
-----------------------------------------------
Processing by StaticPagesController#home as HTML
  Rendered static_pages/home.html.erb within layouts/application (0.3ms)
Completed 200 OK in 2ms (Views: 1.5ms | ActiveRecord: 0.0ms)
  [1m[35m (0.0ms)[0m  rollback transaction
  [1m[36m (0.2ms)[0m  [1mbegin transaction[0m
------------------------------------------------
StaticPagesControllerTest: test_should_get_about
------------------------------------------------
Processing by StaticPagesController#about as HTML
  Rendered static_pages/about.html.erb within layouts/application (2.1ms)
Completed 200 OK in 42ms (Views: 41.1ms | ActiveRecord: 0.0ms)
  [1m[35m (0.1ms)[0m  rollback transaction
  [1m[36m (0.1ms)[0m  [1mbegin transaction[0m
-----------------------------------------------
StaticPagesControllerTest: test_should_get_help
-----------------------------------------------
Processing by StaticPagesController#help as HTML
  Rendered static_pages/help.html.erb within layouts/application (0.6ms)
Completed 200 OK in 4ms (Views: 3.3ms | ActiveRecord: 0.0ms)
  [1m[35m (0.1ms)[0m  rollback transaction
  [1m[36m (0.1ms)[0m  [1mbegin transaction[0m
-----------------------------------------------
StaticPagesControllerTest: test_should_get_home
-----------------------------------------------
Processing by StaticPagesController#home as HTML
  Rendered static_pages/home.html.erb within layouts/application (0.5ms)
Completed 200 OK in 3ms (Views: 3.1ms | ActiveRecord: 0.0ms)
  [1m[35m (0.1ms)[0m  rollback transaction
  [1m[36m (0.2ms)[0m  [1mbegin transaction[0m
------------------------------------------------
StaticPagesControllerTest: test_should_get_about
------------------------------------------------
Processing by StaticPagesController#about as HTML
  Rendered static_pages/about.html.erb within layouts/application (2.1ms)
Completed 200 OK in 25ms (Views: 24.2ms | ActiveRecord: 0.0ms)
  [1m[35m (0.1ms)[0m  rollback transaction
  [1m[36m (0.1ms)[0m  [1mbegin transaction[0m
-----------------------------------------------
StaticPagesControllerTest: test_should_get_help
-----------------------------------------------
Processing by StaticPagesController#help as HTML
  Rendered static_pages/help.html.erb within layouts/application (0.4ms)
Completed 200 OK in 2ms (Views: 2.0ms | ActiveRecord: 0.0ms)
  [1m[35m (0.0ms)[0m  rollback transaction
  [1m[36m (0.0ms)[0m  [1mbegin transaction[0m
-----------------------------------------------
StaticPagesControllerTest: test_should_get_home
-----------------------------------------------
Processing by StaticPagesController#home as HTML
  Rendered static_pages/home.html.erb within layouts/application (0.3ms)
Completed 200 OK in 2ms (Views: 1.5ms | ActiveRecord: 0.0ms)
  [1m[35m (0.1ms)[0m  rollback transaction
  [1m[36m (0.1ms)[0m  [1mbegin transaction[0m
------------------------------------------------
StaticPagesControllerTest: test_should_get_about
------------------------------------------------
Processing by StaticPagesController#about as HTML
  Rendered static_pages/about.html.erb within layouts/application (1.5ms)
Completed 200 OK in 19ms (Views: 18.4ms | ActiveRecord: 0.0ms)
  [1m[35m (0.1ms)[0m  rollback transaction
  [1m[36m (0.0ms)[0m  [1mbegin transaction[0m
-----------------------------------------------
StaticPagesControllerTest: test_should_get_help
-----------------------------------------------
Processing by StaticPagesController#help as HTML
  Rendered static_pages/help.html.erb within layouts/application (0.3ms)
Completed 200 OK in 2ms (Views: 1.8ms | ActiveRecord: 0.0ms)
  [1m[35m (0.0ms)[0m  rollback transaction
  [1m[36m (0.0ms)[0m  [1mbegin transaction[0m
-----------------------------------------------
StaticPagesControllerTest: test_should_get_home
-----------------------------------------------
Processing by StaticPagesController#home as HTML
  Rendered static_pages/home.html.erb within layouts/application (0.3ms)
Completed 200 OK in 2ms (Views: 1.5ms | ActiveRecord: 0.0ms)
  [1m[35m (0.0ms)[0m  rollback transaction
  [1m[36m (0.1ms)[0m  [1mbegin transaction[0m
------------------------------------------------
StaticPagesControllerTest: test_should_get_about
------------------------------------------------
Processing by StaticPagesController#about as HTML
  Rendered static_pages/about.html.erb within layouts/application (1.3ms)
Completed 200 OK in 19ms (Views: 19.1ms | ActiveRecord: 0.0ms)
  [1m[35m (0.1ms)[0m  rollback transaction
  [1m[36m (0.0ms)[0m  [1mbegin transaction[0m
-----------------------------------------------
StaticPagesControllerTest: test_should_get_help
-----------------------------------------------
Processing by StaticPagesController#help as HTML
  Rendered static_pages/help.html.erb within layouts/application (0.3ms)
Completed 200 OK in 2ms (Views: 1.6ms | ActiveRecord: 0.0ms)
  [1m[35m (0.0ms)[0m  rollback transaction
  [1m[36m (0.0ms)[0m  [1mbegin transaction[0m
-----------------------------------------------
StaticPagesControllerTest: test_should_get_home
-----------------------------------------------
Processing by StaticPagesController#home as HTML
  Rendered static_pages/home.html.erb within layouts/application (0.2ms)
Completed 200 OK in 1ms (Views: 1.3ms | ActiveRecord: 0.0ms)
  [1m[35m (0.0ms)[0m  rollback transaction
  [1m[36m (0.1ms)[0m  [1mbegin transaction[0m
------------------------------------------------
StaticPagesControllerTest: test_should_get_about
------------------------------------------------
Processing by StaticPagesController#about as HTML
  Rendered static_pages/about.html.erb within layouts/application (2.3ms)
  Rendered layouts/_shim.html.erb (0.5ms)
  Rendered layouts/_header.html.erb (0.5ms)
  Rendered layouts/_footer.html.erb (0.4ms)
Completed 200 OK in 4239ms (Views: 4238.7ms | ActiveRecord: 0.0ms)
  [1m[35m (0.1ms)[0m  rollback transaction
  [1m[36m (0.1ms)[0m  [1mbegin transaction[0m
--------------------------------------------------
StaticPagesControllerTest: test_should_get_contact
--------------------------------------------------
  [1m[35m (0.1ms)[0m  rollback transaction
  [1m[36m (0.1ms)[0m  [1mbegin transaction[0m
-----------------------------------------------
StaticPagesControllerTest: test_should_get_help
-----------------------------------------------
Processing by StaticPagesController#help as HTML
  Rendered static_pages/help.html.erb within layouts/application (0.6ms)
  Rendered layouts/_shim.html.erb (0.1ms)
  Rendered layouts/_header.html.erb (0.2ms)
  Rendered layouts/_footer.html.erb (0.1ms)
Completed 200 OK in 6ms (Views: 5.8ms | ActiveRecord: 0.0ms)
  [1m[35m (0.1ms)[0m  rollback transaction
  [1m[36m (0.1ms)[0m  [1mbegin transaction[0m
-----------------------------------------------
StaticPagesControllerTest: test_should_get_home
-----------------------------------------------
Processing by StaticPagesController#home as HTML
  Rendered static_pages/home.html.erb within layouts/application (3.7ms)
  Rendered layouts/_shim.html.erb (0.0ms)
  Rendered layouts/_header.html.erb (0.1ms)
  Rendered layouts/_footer.html.erb (0.1ms)
Completed 200 OK in 8ms (Views: 7.6ms | ActiveRecord: 0.0ms)
  [1m[35m (0.1ms)[0m  rollback transaction
  [1m[36m (0.1ms)[0m  [1mbegin transaction[0m
------------------------------------------------
StaticPagesControllerTest: test_should_get_about
------------------------------------------------
Processing by StaticPagesController#about as HTML
  Rendered static_pages/about.html.erb within layouts/application (1.3ms)
  Rendered layouts/_shim.html.erb (0.4ms)
  Rendered layouts/_header.html.erb (0.8ms)
  Rendered layouts/_footer.html.erb (0.4ms)
Completed 200 OK in 50ms (Views: 50.0ms | ActiveRecord: 0.0ms)
  [1m[35m (0.1ms)[0m  rollback transaction
  [1m[36m (0.1ms)[0m  [1mbegin transaction[0m
--------------------------------------------------
StaticPagesControllerTest: test_should_get_contact
--------------------------------------------------
  [1m[35m (0.0ms)[0m  rollback transaction
  [1m[36m (0.0ms)[0m  [1mbegin transaction[0m
-----------------------------------------------
StaticPagesControllerTest: test_should_get_help
-----------------------------------------------
Processing by StaticPagesController#help as HTML
  Rendered static_pages/help.html.erb within layouts/application (0.4ms)
  Rendered layouts/_shim.html.erb (0.0ms)
  Rendered layouts/_header.html.erb (0.2ms)
  Rendered layouts/_footer.html.erb (0.0ms)
Completed 200 OK in 3ms (Views: 3.4ms | ActiveRecord: 0.0ms)
  [1m[35m (0.0ms)[0m  rollback transaction
  [1m[36m (0.0ms)[0m  [1mbegin transaction[0m
-----------------------------------------------
StaticPagesControllerTest: test_should_get_home
-----------------------------------------------
Processing by StaticPagesController#home as HTML
  Rendered static_pages/home.html.erb within layouts/application (1.1ms)
  Rendered layouts/_shim.html.erb (0.0ms)
  Rendered layouts/_header.html.erb (0.1ms)
  Rendered layouts/_footer.html.erb (0.1ms)
Completed 200 OK in 4ms (Views: 4.2ms | ActiveRecord: 0.0ms)
  [1m[35m (0.1ms)[0m  rollback transaction
  [1m[36m (0.1ms)[0m  [1mbegin transaction[0m
------------------------------------------------
StaticPagesControllerTest: test_should_get_about
------------------------------------------------
Processing by StaticPagesController#about as HTML
  Rendered static_pages/about.html.erb within layouts/application (1.5ms)
  Rendered layouts/_shim.html.erb (0.3ms)
  Rendered layouts/_header.html.erb (0.4ms)
  Rendered layouts/_footer.html.erb (0.3ms)
Completed 200 OK in 44ms (Views: 43.2ms | ActiveRecord: 0.0ms)
  [1m[35m (0.1ms)[0m  rollback transaction
  [1m[36m (0.1ms)[0m  [1mbegin transaction[0m
--------------------------------------------------
StaticPagesControllerTest: test_should_get_contact
--------------------------------------------------
  [1m[35m (0.0ms)[0m  rollback transaction
  [1m[36m (0.0ms)[0m  [1mbegin transaction[0m
-----------------------------------------------
StaticPagesControllerTest: test_should_get_help
-----------------------------------------------
Processing by StaticPagesController#help as HTML
  Rendered static_pages/help.html.erb within layouts/application (0.3ms)
  Rendered layouts/_shim.html.erb (0.0ms)
  Rendered layouts/_header.html.erb (0.1ms)
  Rendered layouts/_footer.html.erb (0.1ms)
Completed 200 OK in 4ms (Views: 3.4ms | ActiveRecord: 0.0ms)
  [1m[35m (0.0ms)[0m  rollback transaction
  [1m[36m (0.0ms)[0m  [1mbegin transaction[0m
-----------------------------------------------
StaticPagesControllerTest: test_should_get_home
-----------------------------------------------
Processing by StaticPagesController#home as HTML
  Rendered static_pages/home.html.erb within layouts/application (1.7ms)
  Rendered layouts/_shim.html.erb (0.1ms)
  Rendered layouts/_header.html.erb (0.2ms)
  Rendered layouts/_footer.html.erb (0.1ms)
Completed 200 OK in 7ms (Views: 6.7ms | ActiveRecord: 0.0ms)
  [1m[35m (0.1ms)[0m  rollback transaction
  [1m[36m (0.1ms)[0m  [1mbegin transaction[0m
------------------------------------------------
StaticPagesControllerTest: test_should_get_about
------------------------------------------------
Processing by StaticPagesController#about as HTML
  Rendered static_pages/about.html.erb within layouts/application (2.3ms)
  Rendered layouts/_shim.html.erb (0.4ms)
  Rendered layouts/_header.html.erb (0.6ms)
  Rendered layouts/_footer.html.erb (0.5ms)
Completed 200 OK in 61ms (Views: 61.1ms | ActiveRecord: 0.0ms)
  [1m[35m (0.1ms)[0m  rollback transaction
  [1m[36m (0.1ms)[0m  [1mbegin transaction[0m
--------------------------------------------------
StaticPagesControllerTest: test_should_get_contact
--------------------------------------------------
  [1m[35m (0.1ms)[0m  rollback transaction
  [1m[36m (0.1ms)[0m  [1mbegin transaction[0m
-----------------------------------------------
StaticPagesControllerTest: test_should_get_help
-----------------------------------------------
Processing by StaticPagesController#help as HTML
  Rendered static_pages/help.html.erb within layouts/application (0.4ms)
  Rendered layouts/_shim.html.erb (0.1ms)
  Rendered layouts/_header.html.erb (0.2ms)
  Rendered layouts/_footer.html.erb (0.1ms)
Completed 200 OK in 6ms (Views: 6.1ms | ActiveRecord: 0.0ms)
  [1m[35m (0.1ms)[0m  rollback transaction
  [1m[36m (0.0ms)[0m  [1mbegin transaction[0m
-----------------------------------------------
StaticPagesControllerTest: test_should_get_home
-----------------------------------------------
Processing by StaticPagesController#home as HTML
  Rendered static_pages/home.html.erb within layouts/application (2.1ms)
  Rendered layouts/_shim.html.erb (0.1ms)
  Rendered layouts/_header.html.erb (0.1ms)
  Rendered layouts/_footer.html.erb (0.1ms)
Completed 200 OK in 8ms (Views: 7.4ms | ActiveRecord: 0.0ms)
  [1m[35m (0.1ms)[0m  rollback transaction
  [1m[36m (0.2ms)[0m  [1mbegin transaction[0m
------------------------------------------------
StaticPagesControllerTest: test_should_get_about
------------------------------------------------
Processing by StaticPagesController#about as HTML
  Rendered static_pages/about.html.erb within layouts/application (2.1ms)
  Rendered layouts/_shim.html.erb (0.4ms)
  Rendered layouts/_header.html.erb (0.4ms)
  Rendered layouts/_footer.html.erb (0.5ms)
Completed 200 OK in 51ms (Views: 50.2ms | ActiveRecord: 0.0ms)
  [1m[35m (0.1ms)[0m  rollback transaction
  [1m[36m (0.1ms)[0m  [1mbegin transaction[0m
--------------------------------------------------
StaticPagesControllerTest: test_should_get_contact
--------------------------------------------------
  [1m[35m (0.0ms)[0m  rollback transaction
  [1m[36m (0.1ms)[0m  [1mbegin transaction[0m
-----------------------------------------------
StaticPagesControllerTest: test_should_get_help
-----------------------------------------------
Processing by StaticPagesController#help as HTML
  Rendered static_pages/help.html.erb within layouts/application (0.6ms)
  Rendered layouts/_shim.html.erb (0.1ms)
  Rendered layouts/_header.html.erb (0.3ms)
  Rendered layouts/_footer.html.erb (0.1ms)
Completed 200 OK in 5ms (Views: 5.2ms | ActiveRecord: 0.0ms)
  [1m[35m (0.1ms)[0m  rollback transaction
  [1m[36m (0.1ms)[0m  [1mbegin transaction[0m
-----------------------------------------------
StaticPagesControllerTest: test_should_get_home
-----------------------------------------------
Processing by StaticPagesController#home as HTML
  Rendered static_pages/home.html.erb within layouts/application (1.6ms)
  Rendered layouts/_shim.html.erb (0.0ms)
  Rendered layouts/_header.html.erb (0.2ms)
  Rendered layouts/_footer.html.erb (0.1ms)
Completed 200 OK in 6ms (Views: 6.0ms | ActiveRecord: 0.0ms)
  [1m[35m (0.1ms)[0m  rollback transaction
  [1m[36m (0.1ms)[0m  [1mbegin transaction[0m
------------------------------------------------
StaticPagesControllerTest: test_should_get_about
------------------------------------------------
Processing by StaticPagesController#about as HTML
  Rendered static_pages/about.html.erb within layouts/application (1.7ms)
  Rendered layouts/_shim.html.erb (0.3ms)
  Rendered layouts/_header.html.erb (0.4ms)
  Rendered layouts/_footer.html.erb (0.3ms)
Completed 200 OK in 44ms (Views: 43.8ms | ActiveRecord: 0.0ms)
  [1m[35m (0.1ms)[0m  rollback transaction
  [1m[36m (0.0ms)[0m  [1mbegin transaction[0m
--------------------------------------------------
StaticPagesControllerTest: test_should_get_contact
--------------------------------------------------
Processing by StaticPagesController#contact as HTML
  Rendered static_pages/contact.html.erb within layouts/application (0.3ms)
  Rendered layouts/_shim.html.erb (0.0ms)
  Rendered layouts/_header.html.erb (0.2ms)
  Rendered layouts/_footer.html.erb (0.0ms)
Completed 200 OK in 4ms (Views: 3.4ms | ActiveRecord: 0.0ms)
  [1m[35m (0.0ms)[0m  rollback transaction
  [1m[36m (0.0ms)[0m  [1mbegin transaction[0m
-----------------------------------------------
StaticPagesControllerTest: test_should_get_help
-----------------------------------------------
Processing by StaticPagesController#help as HTML
  Rendered static_pages/help.html.erb within layouts/application (0.3ms)
  Rendered layouts/_shim.html.erb (0.0ms)
  Rendered layouts/_header.html.erb (0.1ms)
  Rendered layouts/_footer.html.erb (0.0ms)
Completed 200 OK in 4ms (Views: 3.5ms | ActiveRecord: 0.0ms)
  [1m[35m (0.0ms)[0m  rollback transaction
  [1m[36m (0.1ms)[0m  [1mbegin transaction[0m
-----------------------------------------------
StaticPagesControllerTest: test_should_get_home
-----------------------------------------------
Processing by StaticPagesController#home as HTML
  Rendered static_pages/home.html.erb within layouts/application (1.2ms)
  Rendered layouts/_shim.html.erb (0.0ms)
  Rendered layouts/_header.html.erb (0.2ms)
  Rendered layouts/_footer.html.erb (0.1ms)
Completed 200 OK in 5ms (Views: 4.9ms | ActiveRecord: 0.0ms)
  [1m[35m (0.1ms)[0m  rollback transaction
  [1m[36m (0.1ms)[0m  [1mbegin transaction[0m
------------------------------------------------
StaticPagesControllerTest: test_should_get_about
------------------------------------------------
Processing by StaticPagesController#about as HTML
  Rendered static_pages/about.html.erb within layouts/application (1.3ms)
  Rendered layouts/_shim.html.erb (0.3ms)
  Rendered layouts/_header.html.erb (0.4ms)
  Rendered layouts/_footer.html.erb (0.4ms)
Completed 200 OK in 43ms (Views: 42.6ms | ActiveRecord: 0.0ms)
  [1m[35m (0.1ms)[0m  rollback transaction
  [1m[36m (0.0ms)[0m  [1mbegin transaction[0m
--------------------------------------------------
StaticPagesControllerTest: test_should_get_contact
--------------------------------------------------
Processing by StaticPagesController#contact as HTML
  Rendered static_pages/contact.html.erb within layouts/application (0.3ms)
  Rendered layouts/_shim.html.erb (0.0ms)
  Rendered layouts/_header.html.erb (0.1ms)
  Rendered layouts/_footer.html.erb (0.0ms)
Completed 200 OK in 4ms (Views: 3.6ms | ActiveRecord: 0.0ms)
  [1m[35m (0.0ms)[0m  rollback transaction
  [1m[36m (0.0ms)[0m  [1mbegin transaction[0m
-----------------------------------------------
StaticPagesControllerTest: test_should_get_help
-----------------------------------------------
Processing by StaticPagesController#help as HTML
  Rendered static_pages/help.html.erb within layouts/application (0.3ms)
  Rendered layouts/_shim.html.erb (0.0ms)
  Rendered layouts/_header.html.erb (0.1ms)
  Rendered layouts/_footer.html.erb (0.0ms)
Completed 200 OK in 3ms (Views: 3.3ms | ActiveRecord: 0.0ms)
  [1m[35m (0.0ms)[0m  rollback transaction
  [1m[36m (0.0ms)[0m  [1mbegin transaction[0m
-----------------------------------------------
StaticPagesControllerTest: test_should_get_home
-----------------------------------------------
Processing by StaticPagesController#home as HTML
  Rendered static_pages/home.html.erb within layouts/application (1.0ms)
  Rendered layouts/_shim.html.erb (0.1ms)
  Rendered layouts/_header.html.erb (0.1ms)
  Rendered layouts/_footer.html.erb (0.1ms)
Completed 200 OK in 4ms (Views: 3.9ms | ActiveRecord: 0.0ms)
  [1m[35m (0.0ms)[0m  rollback transaction
  [1m[36m (0.1ms)[0m  [1mbegin transaction[0m
---------------------------------
SiteLayoutTest: test_layout_links
---------------------------------
Started GET "/" for 127.0.0.1 at 2015-04-20 10:38:43 -0500
Processing by StaticPagesController#home as HTML
  Rendered static_pages/home.html.erb within layouts/application (4.7ms)
  Rendered layouts/_shim.html.erb (0.5ms)
  Rendered layouts/_header.html.erb (0.8ms)
  Rendered layouts/_footer.html.erb (0.6ms)
Completed 200 OK in 102ms (Views: 93.7ms | ActiveRecord: 0.0ms)
  [1m[35m (0.1ms)[0m  rollback transaction
  [1m[36m (0.1ms)[0m  [1mbegin transaction[0m
---------------------------------
SiteLayoutTest: test_layout_links
---------------------------------
Started GET "/" for 127.0.0.1 at 2015-04-20 10:44:21 -0500
Processing by StaticPagesController#home as HTML
  Rendered static_pages/home.html.erb within layouts/application (2.5ms)
  Rendered layouts/_shim.html.erb (0.3ms)
  Rendered layouts/_header.html.erb (0.4ms)
  Rendered layouts/_footer.html.erb (0.3ms)
Completed 200 OK in 55ms (Views: 46.4ms | ActiveRecord: 0.0ms)
  [1m[35m (0.1ms)[0m  rollback transaction
  [1m[36m (0.1ms)[0m  [1mbegin transaction[0m
---------------------------------
SiteLayoutTest: test_layout_links
---------------------------------
Started GET "/" for 127.0.0.1 at 2015-04-20 10:46:48 -0500
Processing by StaticPagesController#home as HTML
  Rendered static_pages/home.html.erb within layouts/application (2.5ms)
  Rendered layouts/_shim.html.erb (0.3ms)
  Rendered layouts/_header.html.erb (0.4ms)
  Rendered layouts/_footer.html.erb (0.3ms)
Completed 200 OK in 52ms (Views: 43.8ms | ActiveRecord: 0.0ms)
  [1m[35m (0.1ms)[0m  rollback transaction
  [1m[36m (0.1ms)[0m  [1mbegin transaction[0m
---------------------------------
SiteLayoutTest: test_layout_links
---------------------------------
Started GET "/" for 127.0.0.1 at 2015-04-20 10:48:09 -0500
Processing by StaticPagesController#home as HTML
  Rendered static_pages/home.html.erb within layouts/application (3.5ms)
  Rendered layouts/_shim.html.erb (0.4ms)
  Rendered layouts/_header.html.erb (0.6ms)
  Rendered layouts/_footer.html.erb (0.3ms)
Completed 200 OK in 60ms (Views: 52.0ms | ActiveRecord: 0.0ms)
  [1m[35m (0.1ms)[0m  rollback transaction
  [1m[36m (0.1ms)[0m  [1mbegin transaction[0m
---------------------------------
SiteLayoutTest: test_layout_links
---------------------------------
Started GET "/" for 127.0.0.1 at 2015-04-20 10:50:27 -0500
Processing by StaticPagesController#home as HTML
  Rendered static_pages/home.html.erb within layouts/application (2.9ms)
  Rendered layouts/_shim.html.erb (0.4ms)
  Rendered layouts/_header.html.erb (0.4ms)
  Rendered layouts/_footer.html.erb (0.3ms)
Completed 200 OK in 57ms (Views: 48.4ms | ActiveRecord: 0.0ms)
  [1m[35m (0.1ms)[0m  rollback transaction
  [1m[36m (0.0ms)[0m  [1mbegin transaction[0m
------------------------------------------------
StaticPagesControllerTest: test_should_get_about
------------------------------------------------
Processing by StaticPagesController#about as HTML
  Rendered static_pages/about.html.erb within layouts/application (0.4ms)
  Rendered layouts/_shim.html.erb (0.0ms)
  Rendered layouts/_header.html.erb (0.1ms)
  Rendered layouts/_footer.html.erb (0.1ms)
Completed 200 OK in 4ms (Views: 4.3ms | ActiveRecord: 0.0ms)
  [1m[35m (0.1ms)[0m  rollback transaction
  [1m[36m (0.1ms)[0m  [1mbegin transaction[0m
--------------------------------------------------
StaticPagesControllerTest: test_should_get_contact
--------------------------------------------------
Processing by StaticPagesController#contact as HTML
  Rendered static_pages/contact.html.erb within layouts/application (0.3ms)
  Rendered layouts/_shim.html.erb (0.0ms)
  Rendered layouts/_header.html.erb (0.1ms)
  Rendered layouts/_footer.html.erb (0.1ms)
Completed 200 OK in 4ms (Views: 3.9ms | ActiveRecord: 0.0ms)
  [1m[35m (0.1ms)[0m  rollback transaction
  [1m[36m (0.0ms)[0m  [1mbegin transaction[0m
-----------------------------------------------
StaticPagesControllerTest: test_should_get_help
-----------------------------------------------
Processing by StaticPagesController#help as HTML
  Rendered static_pages/help.html.erb within layouts/application (0.3ms)
  Rendered layouts/_shim.html.erb (0.0ms)
  Rendered layouts/_header.html.erb (0.1ms)
  Rendered layouts/_footer.html.erb (0.1ms)
Completed 200 OK in 4ms (Views: 3.7ms | ActiveRecord: 0.0ms)
  [1m[35m (0.1ms)[0m  rollback transaction
  [1m[36m (0.0ms)[0m  [1mbegin transaction[0m
-----------------------------------------------
StaticPagesControllerTest: test_should_get_home
-----------------------------------------------
Processing by StaticPagesController#home as HTML
  Rendered static_pages/home.html.erb within layouts/application (0.1ms)
  Rendered layouts/_shim.html.erb (0.0ms)
  Rendered layouts/_header.html.erb (0.1ms)
  Rendered layouts/_footer.html.erb (0.0ms)
Completed 200 OK in 1ms (Views: 1.1ms | ActiveRecord: 0.0ms)
  [1m[35m (0.0ms)[0m  rollback transaction
  [1m[36m (0.2ms)[0m  [1mbegin transaction[0m
---------------------------------
SiteLayoutTest: test_layout_links
---------------------------------
Started GET "/" for 127.0.0.1 at 2015-04-20 10:55:26 -0500
Processing by StaticPagesController#home as HTML
  Rendered static_pages/home.html.erb within layouts/application (2.8ms)
  Rendered layouts/_shim.html.erb (0.3ms)
  Rendered layouts/_header.html.erb (0.6ms)
  Rendered layouts/_footer.html.erb (0.4ms)
Completed 200 OK in 54ms (Views: 44.6ms | ActiveRecord: 0.0ms)
  [1m[35m (0.1ms)[0m  rollback transaction
  [1m[36m (0.1ms)[0m  [1mbegin transaction[0m
------------------------------------------------
StaticPagesControllerTest: test_should_get_about
------------------------------------------------
Processing by StaticPagesController#about as HTML
  Rendered static_pages/about.html.erb within layouts/application (1.6ms)
  Rendered layouts/_shim.html.erb (0.2ms)
  Rendered layouts/_header.html.erb (0.7ms)
  Rendered layouts/_footer.html.erb (0.3ms)
Completed 200 OK in 52ms (Views: 51.8ms | ActiveRecord: 0.0ms)
  [1m[35m (0.1ms)[0m  rollback transaction
  [1m[36m (0.1ms)[0m  [1mbegin transaction[0m
--------------------------------------------------
StaticPagesControllerTest: test_should_get_contact
--------------------------------------------------
Processing by StaticPagesController#contact as HTML
  Rendered static_pages/contact.html.erb within layouts/application (0.3ms)
  Rendered layouts/_shim.html.erb (0.0ms)
  Rendered layouts/_header.html.erb (0.2ms)
  Rendered layouts/_footer.html.erb (0.1ms)
Completed 200 OK in 4ms (Views: 3.4ms | ActiveRecord: 0.0ms)
  [1m[35m (0.0ms)[0m  rollback transaction
  [1m[36m (0.0ms)[0m  [1mbegin transaction[0m
-----------------------------------------------
StaticPagesControllerTest: test_should_get_help
-----------------------------------------------
Processing by StaticPagesController#help as HTML
  Rendered static_pages/help.html.erb within layouts/application (0.3ms)
  Rendered layouts/_shim.html.erb (0.0ms)
  Rendered layouts/_header.html.erb (0.2ms)
  Rendered layouts/_footer.html.erb (0.2ms)
Completed 200 OK in 4ms (Views: 3.7ms | ActiveRecord: 0.0ms)
  [1m[35m (0.0ms)[0m  rollback transaction
  [1m[36m (0.0ms)[0m  [1mbegin transaction[0m
-----------------------------------------------
StaticPagesControllerTest: test_should_get_home
-----------------------------------------------
Processing by StaticPagesController#home as HTML
  Rendered static_pages/home.html.erb within layouts/application (1.0ms)
  Rendered layouts/_shim.html.erb (0.0ms)
  Rendered layouts/_header.html.erb (0.2ms)
  Rendered layouts/_footer.html.erb (0.1ms)
Completed 200 OK in 4ms (Views: 3.8ms | ActiveRecord: 0.0ms)
  [1m[35m (0.0ms)[0m  rollback transaction
  [1m[36m (0.0ms)[0m  [1mbegin transaction[0m
---------------------------------
SiteLayoutTest: test_layout_links
---------------------------------
Started GET "/" for 127.0.0.1 at 2015-04-20 10:55:43 -0500
Processing by StaticPagesController#home as HTML
  Rendered static_pages/home.html.erb within layouts/application (0.2ms)
  Rendered layouts/_shim.html.erb (0.0ms)
  Rendered layouts/_header.html.erb (0.2ms)
  Rendered layouts/_footer.html.erb (0.1ms)
Completed 200 OK in 8ms (Views: 1.3ms | ActiveRecord: 0.0ms)
  [1m[35m (0.1ms)[0m  rollback transaction
  [1m[36m (0.1ms)[0m  [1mbegin transaction[0m
------------------------------------------------
StaticPagesControllerTest: test_should_get_about
------------------------------------------------
Processing by StaticPagesController#about as HTML
  Rendered static_pages/about.html.erb within layouts/application (1.3ms)
  Rendered layouts/_shim.html.erb (0.4ms)
  Rendered layouts/_header.html.erb (0.7ms)
  Rendered layouts/_footer.html.erb (0.5ms)
Completed 200 OK in 1585ms (Views: 1585.0ms | ActiveRecord: 0.0ms)
  [1m[35m (0.1ms)[0m  rollback transaction
  [1m[36m (0.0ms)[0m  [1mbegin transaction[0m
--------------------------------------------------
StaticPagesControllerTest: test_should_get_contact
--------------------------------------------------
Processing by StaticPagesController#contact as HTML
  Rendered static_pages/contact.html.erb within layouts/application (0.4ms)
  Rendered layouts/_shim.html.erb (0.0ms)
  Rendered layouts/_header.html.erb (0.2ms)
  Rendered layouts/_footer.html.erb (0.1ms)
Completed 200 OK in 5ms (Views: 4.6ms | ActiveRecord: 0.0ms)
  [1m[35m (0.1ms)[0m  rollback transaction
  [1m[36m (0.0ms)[0m  [1mbegin transaction[0m
-----------------------------------------------
StaticPagesControllerTest: test_should_get_help
-----------------------------------------------
Processing by StaticPagesController#help as HTML
  Rendered static_pages/help.html.erb within layouts/application (0.4ms)
  Rendered layouts/_shim.html.erb (0.0ms)
  Rendered layouts/_header.html.erb (0.2ms)
  Rendered layouts/_footer.html.erb (0.1ms)
Completed 200 OK in 4ms (Views: 3.7ms | ActiveRecord: 0.0ms)
  [1m[35m (0.1ms)[0m  rollback transaction
  [1m[36m (0.1ms)[0m  [1mbegin transaction[0m
-----------------------------------------------
StaticPagesControllerTest: test_should_get_home
-----------------------------------------------
Processing by StaticPagesController#home as HTML
  Rendered static_pages/home.html.erb within layouts/application (1.1ms)
  Rendered layouts/_shim.html.erb (0.0ms)
  Rendered layouts/_header.html.erb (0.2ms)
  Rendered layouts/_footer.html.erb (0.1ms)
Completed 200 OK in 5ms (Views: 4.4ms | ActiveRecord: 0.0ms)
  [1m[35m (0.1ms)[0m  rollback transaction
  [1m[36m (0.0ms)[0m  [1mbegin transaction[0m
---------------------------------
SiteLayoutTest: test_layout_links
---------------------------------
Started GET "/" for 127.0.0.1 at 2015-04-20 10:57:26 -0500
Processing by StaticPagesController#home as HTML
  Rendered static_pages/home.html.erb within layouts/application (0.2ms)
  Rendered layouts/_shim.html.erb (0.2ms)
  Rendered layouts/_header.html.erb (0.5ms)
  Rendered layouts/_footer.html.erb (0.2ms)
Completed 200 OK in 12ms (Views: 3.4ms | ActiveRecord: 0.0ms)
  [1m[35m (0.1ms)[0m  rollback transaction
  [1m[36m (0.1ms)[0m  [1mbegin transaction[0m
----------------------------------------
UsersControllerTest: test_should_get_new
----------------------------------------
Processing by UsersController#new as HTML
  Rendered users/new.html.erb within layouts/application (0.3ms)
  Rendered layouts/_shim.html.erb (0.0ms)
  Rendered layouts/_header.html.erb (0.2ms)
  Rendered layouts/_footer.html.erb (0.1ms)
Completed 200 OK in 8ms (Views: 7.7ms | ActiveRecord: 0.0ms)
  [1m[35m (0.1ms)[0m  rollback transaction
  [1m[36m (0.1ms)[0m  [1mbegin transaction[0m
----------------------------------------
UsersControllerTest: test_should_get_new
----------------------------------------
Processing by UsersController#new as HTML
  Rendered users/new.html.erb within layouts/application (1.4ms)
  Rendered layouts/_shim.html.erb (0.3ms)
  Rendered layouts/_header.html.erb (0.6ms)
  Rendered layouts/_footer.html.erb (0.3ms)
Completed 200 OK in 46ms (Views: 45.3ms | ActiveRecord: 0.0ms)
  [1m[35m (0.1ms)[0m  rollback transaction
  [1m[36m (0.0ms)[0m  [1mbegin transaction[0m
---------------------------------
SiteLayoutTest: test_layout_links
---------------------------------
Started GET "/" for 127.0.0.1 at 2015-04-20 11:00:52 -0500
Processing by StaticPagesController#home as HTML
  Rendered static_pages/home.html.erb within layouts/application (1.9ms)
  Rendered layouts/_shim.html.erb (0.1ms)
  Rendered layouts/_header.html.erb (0.3ms)
  Rendered layouts/_footer.html.erb (0.2ms)
Completed 200 OK in 18ms (Views: 11.4ms | ActiveRecord: 0.0ms)
  [1m[35m (0.1ms)[0m  rollback transaction
  [1m[36m (0.1ms)[0m  [1mbegin transaction[0m
------------------------------------------------
StaticPagesControllerTest: test_should_get_about
------------------------------------------------
Processing by StaticPagesController#about as HTML
  Rendered static_pages/about.html.erb within layouts/application (0.3ms)
  Rendered layouts/_shim.html.erb (0.0ms)
  Rendered layouts/_header.html.erb (0.2ms)
  Rendered layouts/_footer.html.erb (0.1ms)
Completed 200 OK in 4ms (Views: 3.6ms | ActiveRecord: 0.0ms)
  [1m[35m (0.1ms)[0m  rollback transaction
  [1m[36m (0.0ms)[0m  [1mbegin transaction[0m
--------------------------------------------------
StaticPagesControllerTest: test_should_get_contact
--------------------------------------------------
Processing by StaticPagesController#contact as HTML
  Rendered static_pages/contact.html.erb within layouts/application (0.4ms)
  Rendered layouts/_shim.html.erb (0.0ms)
  Rendered layouts/_header.html.erb (0.3ms)
  Rendered layouts/_footer.html.erb (0.1ms)
Completed 200 OK in 5ms (Views: 4.8ms | ActiveRecord: 0.0ms)
  [1m[35m (0.1ms)[0m  rollback transaction
  [1m[36m (0.0ms)[0m  [1mbegin transaction[0m
-----------------------------------------------
StaticPagesControllerTest: test_should_get_help
-----------------------------------------------
Processing by StaticPagesController#help as HTML
  Rendered static_pages/help.html.erb within layouts/application (0.3ms)
  Rendered layouts/_shim.html.erb (0.0ms)
  Rendered layouts/_header.html.erb (0.2ms)
  Rendered layouts/_footer.html.erb (0.1ms)
Completed 200 OK in 4ms (Views: 3.4ms | ActiveRecord: 0.0ms)
  [1m[35m (0.0ms)[0m  rollback transaction
  [1m[36m (0.0ms)[0m  [1mbegin transaction[0m
-----------------------------------------------
StaticPagesControllerTest: test_should_get_home
-----------------------------------------------
Processing by StaticPagesController#home as HTML
  Rendered static_pages/home.html.erb within layouts/application (0.2ms)
  Rendered layouts/_shim.html.erb (0.0ms)
  Rendered layouts/_header.html.erb (0.2ms)
  Rendered layouts/_footer.html.erb (0.1ms)
Completed 200 OK in 1ms (Views: 1.1ms | ActiveRecord: 0.0ms)
  [1m[35m (0.1ms)[0m  rollback transaction
  [1m[36m (0.1ms)[0m  [1mbegin transaction[0m
------------------------------------------------
StaticPagesControllerTest: test_should_get_about
------------------------------------------------
Processing by StaticPagesController#about as HTML
  Rendered static_pages/about.html.erb within layouts/application (1.2ms)
  Rendered layouts/_shim.html.erb (0.4ms)
  Rendered layouts/_header.html.erb (0.7ms)
  Rendered layouts/_footer.html.erb (0.3ms)
Completed 200 OK in 47ms (Views: 47.2ms | ActiveRecord: 0.0ms)
  [1m[35m (0.1ms)[0m  rollback transaction
  [1m[36m (0.0ms)[0m  [1mbegin transaction[0m
--------------------------------------------------
StaticPagesControllerTest: test_should_get_contact
--------------------------------------------------
Processing by StaticPagesController#contact as HTML
  Rendered static_pages/contact.html.erb within layouts/application (0.3ms)
  Rendered layouts/_shim.html.erb (0.1ms)
  Rendered layouts/_header.html.erb (0.2ms)
  Rendered layouts/_footer.html.erb (0.1ms)
Completed 200 OK in 4ms (Views: 4.2ms | ActiveRecord: 0.0ms)
  [1m[35m (0.0ms)[0m  rollback transaction
  [1m[36m (0.0ms)[0m  [1mbegin transaction[0m
-----------------------------------------------
StaticPagesControllerTest: test_should_get_help
-----------------------------------------------
Processing by StaticPagesController#help as HTML
  Rendered static_pages/help.html.erb within layouts/application (0.3ms)
  Rendered layouts/_shim.html.erb (0.0ms)
  Rendered layouts/_header.html.erb (0.2ms)
  Rendered layouts/_footer.html.erb (0.1ms)
Completed 200 OK in 4ms (Views: 3.4ms | ActiveRecord: 0.0ms)
  [1m[35m (0.0ms)[0m  rollback transaction
  [1m[36m (0.0ms)[0m  [1mbegin transaction[0m
-----------------------------------------------
StaticPagesControllerTest: test_should_get_home
-----------------------------------------------
Processing by StaticPagesController#home as HTML
  Rendered static_pages/home.html.erb within layouts/application (1.1ms)
  Rendered layouts/_shim.html.erb (0.0ms)
  Rendered layouts/_header.html.erb (0.2ms)
  Rendered layouts/_footer.html.erb (0.1ms)
Completed 200 OK in 4ms (Views: 4.2ms | ActiveRecord: 0.0ms)
  [1m[35m (0.0ms)[0m  rollback transaction
  [1m[36m (0.0ms)[0m  [1mbegin transaction[0m
---------------------------------------------
ApplicationHelperTest: test_full_title_helper
---------------------------------------------
  [1m[35m (0.0ms)[0m  rollback transaction
  [1m[36m (0.1ms)[0m  [1mbegin transaction[0m
---------------------------------
SiteLayoutTest: test_layout_links
---------------------------------
Started GET "/" for 127.0.0.1 at 2015-04-20 11:08:36 -0500
Processing by StaticPagesController#home as HTML
  Rendered static_pages/home.html.erb within layouts/application (0.4ms)
  Rendered layouts/_shim.html.erb (0.0ms)
  Rendered layouts/_header.html.erb (0.3ms)
  Rendered layouts/_footer.html.erb (0.2ms)
Completed 200 OK in 11ms (Views: 2.4ms | ActiveRecord: 0.0ms)
Started GET "/signup" for 127.0.0.1 at 2015-04-20 11:08:36 -0500
Processing by UsersController#new as HTML
  Rendered users/new.html.erb within layouts/application (0.5ms)
  Rendered layouts/_shim.html.erb (0.0ms)
  Rendered layouts/_header.html.erb (0.3ms)
  Rendered layouts/_footer.html.erb (0.1ms)
Completed 200 OK in 13ms (Views: 12.3ms | ActiveRecord: 0.0ms)
  [1m[35m (0.1ms)[0m  rollback transaction
  [1m[36m (0.0ms)[0m  [1mbegin transaction[0m
----------------------------------------
UsersControllerTest: test_should_get_new
----------------------------------------
Processing by UsersController#new as HTML
  Rendered users/new.html.erb within layouts/application (0.1ms)
  Rendered layouts/_shim.html.erb (0.0ms)
  Rendered layouts/_header.html.erb (0.3ms)
  Rendered layouts/_footer.html.erb (0.1ms)
Completed 200 OK in 2ms (Views: 2.0ms | ActiveRecord: 0.0ms)
  [1m[35m (0.1ms)[0m  rollback transaction
  [1m[36m (0.1ms)[0m  [1mbegin transaction[0m
---------------------------------------------
ApplicationHelperTest: test_full_title_helper
---------------------------------------------
  [1m[35m (0.1ms)[0m  rollback transaction
  [1m[36m (0.1ms)[0m  [1mbegin transaction[0m
------------------------------------------------
StaticPagesControllerTest: test_should_get_about
------------------------------------------------
Processing by StaticPagesController#about as HTML
  Rendered static_pages/about.html.erb within layouts/application (1.2ms)
  Rendered layouts/_shim.html.erb (0.4ms)
  Rendered layouts/_header.html.erb (0.9ms)
  Rendered layouts/_footer.html.erb (0.5ms)
Completed 200 OK in 44ms (Views: 43.7ms | ActiveRecord: 0.0ms)
  [1m[35m (0.1ms)[0m  rollback transaction
  [1m[36m (0.0ms)[0m  [1mbegin transaction[0m
--------------------------------------------------
StaticPagesControllerTest: test_should_get_contact
--------------------------------------------------
Processing by StaticPagesController#contact as HTML
  Rendered static_pages/contact.html.erb within layouts/application (0.3ms)
  Rendered layouts/_shim.html.erb (0.0ms)
  Rendered layouts/_header.html.erb (0.2ms)
  Rendered layouts/_footer.html.erb (0.1ms)
Completed 200 OK in 4ms (Views: 3.4ms | ActiveRecord: 0.0ms)
  [1m[35m (0.0ms)[0m  rollback transaction
  [1m[36m (0.1ms)[0m  [1mbegin transaction[0m
-----------------------------------------------
StaticPagesControllerTest: test_should_get_help
-----------------------------------------------
Processing by StaticPagesController#help as HTML
  Rendered static_pages/help.html.erb within layouts/application (0.3ms)
  Rendered layouts/_shim.html.erb (0.0ms)
  Rendered layouts/_header.html.erb (0.2ms)
  Rendered layouts/_footer.html.erb (0.1ms)
Completed 200 OK in 3ms (Views: 3.2ms | ActiveRecord: 0.0ms)
  [1m[35m (0.0ms)[0m  rollback transaction
  [1m[36m (0.0ms)[0m  [1mbegin transaction[0m
-----------------------------------------------
StaticPagesControllerTest: test_should_get_home
-----------------------------------------------
Processing by StaticPagesController#home as HTML
  Rendered static_pages/home.html.erb within layouts/application (1.1ms)
  Rendered layouts/_shim.html.erb (0.0ms)
  Rendered layouts/_header.html.erb (0.2ms)
  Rendered layouts/_footer.html.erb (0.1ms)
Completed 200 OK in 4ms (Views: 3.9ms | ActiveRecord: 0.0ms)
  [1m[35m (0.0ms)[0m  rollback transaction
  [1m[36m (0.0ms)[0m  [1mbegin transaction[0m
---------------------------------
SiteLayoutTest: test_layout_links
---------------------------------
Started GET "/" for 127.0.0.1 at 2015-04-20 11:09:50 -0500
Processing by StaticPagesController#home as HTML
  Rendered static_pages/home.html.erb within layouts/application (0.2ms)
  Rendered layouts/_shim.html.erb (0.0ms)
  Rendered layouts/_header.html.erb (0.1ms)
  Rendered layouts/_footer.html.erb (0.1ms)
Completed 200 OK in 8ms (Views: 1.5ms | ActiveRecord: 0.0ms)
Started GET "/signup" for 127.0.0.1 at 2015-04-20 11:09:50 -0500
Processing by UsersController#new as HTML
  Rendered users/new.html.erb within layouts/application (0.4ms)
  Rendered layouts/_shim.html.erb (0.0ms)
  Rendered layouts/_header.html.erb (0.2ms)
  Rendered layouts/_footer.html.erb (0.1ms)
Completed 200 OK in 8ms (Views: 8.1ms | ActiveRecord: 0.0ms)
  [1m[35m (0.1ms)[0m  rollback transaction
  [1m[36m (0.0ms)[0m  [1mbegin transaction[0m
----------------------------------------
UsersControllerTest: test_should_get_new
----------------------------------------
Processing by UsersController#new as HTML
  Rendered users/new.html.erb within layouts/application (0.1ms)
  Rendered layouts/_shim.html.erb (0.1ms)
  Rendered layouts/_header.html.erb (0.2ms)
  Rendered layouts/_footer.html.erb (0.1ms)
Completed 200 OK in 2ms (Views: 1.6ms | ActiveRecord: 0.0ms)
  [1m[35m (0.0ms)[0m  rollback transaction
  [1m[36m (1.0ms)[0m  [1mCREATE TABLE "users" ("id" INTEGER PRIMARY KEY AUTOINCREMENT NOT NULL, "first_name" varchar, "last_name" varchar, "email" varchar, "created_at" datetime NOT NULL, "updated_at" datetime NOT NULL) [0m
  [1m[35m (0.9ms)[0m  CREATE TABLE "schema_migrations" ("version" varchar NOT NULL) 
  [1m[36m (0.1ms)[0m  [1mselect sqlite_version(*)[0m
  [1m[35m (0.8ms)[0m  CREATE UNIQUE INDEX "unique_schema_migrations" ON "schema_migrations" ("version")
  [1m[36m (0.1ms)[0m  [1mSELECT version FROM "schema_migrations"[0m
  [1m[35m (0.8ms)[0m  INSERT INTO "schema_migrations" (version) VALUES ('20150420162621')
  [1m[36mActiveRecord::SchemaMigration Load (0.1ms)[0m  [1mSELECT "schema_migrations".* FROM "schema_migrations"[0m
  [1m[35m (0.1ms)[0m  begin transaction
  [1m[36mFixture Delete (0.2ms)[0m  [1mDELETE FROM "users"[0m
  [1m[35mFixture Insert (0.1ms)[0m  INSERT INTO "users" ("first_name", "last_name", "email", "created_at", "updated_at", "id") VALUES ('MyString', 'MyString', 'MyString', '2015-04-20 16:56:40', '2015-04-20 16:56:40', 980190962)
  [1m[36mFixture Insert (0.0ms)[0m  [1mINSERT INTO "users" ("first_name", "last_name", "email", "created_at", "updated_at", "id") VALUES ('MyString', 'MyString', 'MyString', '2015-04-20 16:56:40', '2015-04-20 16:56:40', 298486374)[0m
  [1m[35m (0.6ms)[0m  commit transaction
  [1m[36m (0.1ms)[0m  [1mbegin transaction[0m
------------------------------
UserTest: test_should_be_valid
------------------------------
  [1m[35m (0.1ms)[0m  rollback transaction
  [1m[36mActiveRecord::SchemaMigration Load (0.1ms)[0m  [1mSELECT "schema_migrations".* FROM "schema_migrations"[0m
  [1m[35m (0.1ms)[0m  begin transaction
  [1m[36mFixture Delete (0.3ms)[0m  [1mDELETE FROM "users"[0m
  [1m[35mFixture Insert (0.1ms)[0m  INSERT INTO "users" ("first_name", "last_name", "email", "created_at", "updated_at", "id") VALUES ('MyString', 'MyString', 'MyString', '2015-04-20 16:59:05', '2015-04-20 16:59:05', 980190962)
  [1m[36mFixture Insert (0.0ms)[0m  [1mINSERT INTO "users" ("first_name", "last_name", "email", "created_at", "updated_at", "id") VALUES ('MyString', 'MyString', 'MyString', '2015-04-20 16:59:05', '2015-04-20 16:59:05', 298486374)[0m
  [1m[35m (1.7ms)[0m  commit transaction
  [1m[36m (0.1ms)[0m  [1mbegin transaction[0m
--------------------------------------
UserTest: test_email_should_be_present
--------------------------------------
  [1m[35m (0.1ms)[0m  rollback transaction
  [1m[36m (0.1ms)[0m  [1mbegin transaction[0m
-------------------------------------------
UserTest: test_first_name_should_be_present
-------------------------------------------
  [1m[35m (0.0ms)[0m  rollback transaction
  [1m[36m (0.0ms)[0m  [1mbegin transaction[0m
------------------------------------------
UserTest: test_last_name_should_be_present
------------------------------------------
  [1m[35m (0.0ms)[0m  rollback transaction
  [1m[36m (0.0ms)[0m  [1mbegin transaction[0m
------------------------------
UserTest: test_should_be_valid
------------------------------
  [1m[35m (0.1ms)[0m  rollback transaction
  [1m[36mActiveRecord::SchemaMigration Load (0.1ms)[0m  [1mSELECT "schema_migrations".* FROM "schema_migrations"[0m
  [1m[35m (0.1ms)[0m  begin transaction
  [1m[36mFixture Delete (0.3ms)[0m  [1mDELETE FROM "users"[0m
  [1m[35mFixture Insert (0.1ms)[0m  INSERT INTO "users" ("first_name", "last_name", "email", "created_at", "updated_at", "id") VALUES ('MyString', 'MyString', 'MyString', '2015-04-20 16:59:46', '2015-04-20 16:59:46', 980190962)
  [1m[36mFixture Insert (0.1ms)[0m  [1mINSERT INTO "users" ("first_name", "last_name", "email", "created_at", "updated_at", "id") VALUES ('MyString', 'MyString', 'MyString', '2015-04-20 16:59:46', '2015-04-20 16:59:46', 298486374)[0m
  [1m[35m (1.5ms)[0m  commit transaction
  [1m[36m (0.1ms)[0m  [1mbegin transaction[0m
--------------------------------------
UserTest: test_email_should_be_present
--------------------------------------
  [1m[35m (0.1ms)[0m  rollback transaction
  [1m[36m (0.1ms)[0m  [1mbegin transaction[0m
-------------------------------------------
UserTest: test_first_name_should_be_present
-------------------------------------------
  [1m[35m (0.0ms)[0m  rollback transaction
  [1m[36m (0.0ms)[0m  [1mbegin transaction[0m
------------------------------------------
UserTest: test_last_name_should_be_present
------------------------------------------
  [1m[35m (0.0ms)[0m  rollback transaction
  [1m[36m (0.0ms)[0m  [1mbegin transaction[0m
------------------------------
UserTest: test_should_be_valid
------------------------------
  [1m[35m (0.0ms)[0m  rollback transaction
  [1m[36mActiveRecord::SchemaMigration Load (0.1ms)[0m  [1mSELECT "schema_migrations".* FROM "schema_migrations"[0m
  [1m[35m (0.1ms)[0m  begin transaction
  [1m[36mFixture Delete (0.3ms)[0m  [1mDELETE FROM "users"[0m
  [1m[35mFixture Insert (0.1ms)[0m  INSERT INTO "users" ("first_name", "last_name", "email", "created_at", "updated_at", "id") VALUES ('MyString', 'MyString', 'MyString', '2015-04-20 17:01:46', '2015-04-20 17:01:46', 980190962)
  [1m[36mFixture Insert (0.0ms)[0m  [1mINSERT INTO "users" ("first_name", "last_name", "email", "created_at", "updated_at", "id") VALUES ('MyString', 'MyString', 'MyString', '2015-04-20 17:01:46', '2015-04-20 17:01:46', 298486374)[0m
  [1m[35m (1.6ms)[0m  commit transaction
  [1m[36m (0.1ms)[0m  [1mbegin transaction[0m
--------------------------------------
UserTest: test_email_should_be_present
--------------------------------------
  [1m[35m (0.1ms)[0m  rollback transaction
  [1m[36m (0.0ms)[0m  [1mbegin transaction[0m
-------------------------------------------
UserTest: test_first_name_should_be_present
-------------------------------------------
  [1m[35m (0.0ms)[0m  rollback transaction
  [1m[36m (0.0ms)[0m  [1mbegin transaction[0m
------------------------------------------
UserTest: test_last_name_should_be_present
------------------------------------------
  [1m[35m (0.1ms)[0m  rollback transaction
  [1m[36m (0.0ms)[0m  [1mbegin transaction[0m
------------------------------
UserTest: test_should_be_valid
------------------------------
  [1m[35m (0.0ms)[0m  rollback transaction
  [1m[36mActiveRecord::SchemaMigration Load (0.1ms)[0m  [1mSELECT "schema_migrations".* FROM "schema_migrations"[0m
  [1m[35m (0.1ms)[0m  begin transaction
  [1m[36mFixture Delete (0.3ms)[0m  [1mDELETE FROM "users"[0m
  [1m[35mFixture Insert (0.1ms)[0m  INSERT INTO "users" ("first_name", "last_name", "email", "created_at", "updated_at", "id") VALUES ('MyString', 'MyString', 'MyString', '2015-04-20 17:06:39', '2015-04-20 17:06:39', 980190962)
  [1m[36mFixture Insert (0.0ms)[0m  [1mINSERT INTO "users" ("first_name", "last_name", "email", "created_at", "updated_at", "id") VALUES ('MyString', 'MyString', 'MyString', '2015-04-20 17:06:39', '2015-04-20 17:06:39', 298486374)[0m
  [1m[35m (1.7ms)[0m  commit transaction
  [1m[36m (0.1ms)[0m  [1mbegin transaction[0m
--------------------------------------
UserTest: test_email_should_be_present
--------------------------------------
  [1m[35m (0.1ms)[0m  rollback transaction
  [1m[36m (0.0ms)[0m  [1mbegin transaction[0m
-------------------------------------------
UserTest: test_email_should_not_be_too_long
-------------------------------------------
  [1m[35m (0.1ms)[0m  rollback transaction
  [1m[36m (0.0ms)[0m  [1mbegin transaction[0m
-------------------------------------------
UserTest: test_first_name_should_be_present
-------------------------------------------
  [1m[35m (0.0ms)[0m  rollback transaction
  [1m[36m (0.0ms)[0m  [1mbegin transaction[0m
------------------------------------------------
UserTest: test_first_name_should_not_be_too_long
------------------------------------------------
  [1m[35m (0.0ms)[0m  rollback transaction
  [1m[36m (0.0ms)[0m  [1mbegin transaction[0m
------------------------------------------
UserTest: test_last_name_should_be_present
------------------------------------------
  [1m[35m (0.1ms)[0m  rollback transaction
  [1m[36m (0.0ms)[0m  [1mbegin transaction[0m
-----------------------------------------------
UserTest: test_last_name_should_not_be_too_long
-----------------------------------------------
  [1m[35m (0.0ms)[0m  rollback transaction
  [1m[36m (0.0ms)[0m  [1mbegin transaction[0m
------------------------------
UserTest: test_should_be_valid
------------------------------
  [1m[35m (0.0ms)[0m  rollback transaction
  [1m[36mActiveRecord::SchemaMigration Load (0.1ms)[0m  [1mSELECT "schema_migrations".* FROM "schema_migrations"[0m
  [1m[35m (0.1ms)[0m  begin transaction
  [1m[36mFixture Delete (0.2ms)[0m  [1mDELETE FROM "users"[0m
  [1m[35mFixture Insert (0.1ms)[0m  INSERT INTO "users" ("first_name", "last_name", "email", "created_at", "updated_at", "id") VALUES ('MyString', 'MyString', 'MyString', '2015-04-20 17:07:00', '2015-04-20 17:07:00', 980190962)
  [1m[36mFixture Insert (0.0ms)[0m  [1mINSERT INTO "users" ("first_name", "last_name", "email", "created_at", "updated_at", "id") VALUES ('MyString', 'MyString', 'MyString', '2015-04-20 17:07:00', '2015-04-20 17:07:00', 298486374)[0m
  [1m[35m (1.6ms)[0m  commit transaction
  [1m[36m (0.1ms)[0m  [1mbegin transaction[0m
--------------------------------------
UserTest: test_email_should_be_present
--------------------------------------
  [1m[35m (0.1ms)[0m  rollback transaction
  [1m[36m (0.1ms)[0m  [1mbegin transaction[0m
-------------------------------------------
UserTest: test_email_should_not_be_too_long
-------------------------------------------
  [1m[35m (0.1ms)[0m  rollback transaction
  [1m[36m (0.1ms)[0m  [1mbegin transaction[0m
-------------------------------------------
UserTest: test_first_name_should_be_present
-------------------------------------------
  [1m[35m (0.0ms)[0m  rollback transaction
  [1m[36m (0.0ms)[0m  [1mbegin transaction[0m
------------------------------------------------
UserTest: test_first_name_should_not_be_too_long
------------------------------------------------
  [1m[35m (0.0ms)[0m  rollback transaction
  [1m[36m (0.0ms)[0m  [1mbegin transaction[0m
------------------------------------------
UserTest: test_last_name_should_be_present
------------------------------------------
  [1m[35m (0.1ms)[0m  rollback transaction
  [1m[36m (0.0ms)[0m  [1mbegin transaction[0m
-----------------------------------------------
UserTest: test_last_name_should_not_be_too_long
-----------------------------------------------
  [1m[35m (0.0ms)[0m  rollback transaction
  [1m[36m (0.0ms)[0m  [1mbegin transaction[0m
------------------------------
UserTest: test_should_be_valid
------------------------------
  [1m[35m (0.0ms)[0m  rollback transaction
  [1m[36mActiveRecord::SchemaMigration Load (0.1ms)[0m  [1mSELECT "schema_migrations".* FROM "schema_migrations"[0m
  [1m[35m (0.1ms)[0m  begin transaction
  [1m[36mFixture Delete (0.2ms)[0m  [1mDELETE FROM "users"[0m
  [1m[35mFixture Insert (0.2ms)[0m  INSERT INTO "users" ("first_name", "last_name", "email", "created_at", "updated_at", "id") VALUES ('MyString', 'MyString', 'MyString', '2015-04-20 17:07:59', '2015-04-20 17:07:59', 980190962)
  [1m[36mFixture Insert (0.0ms)[0m  [1mINSERT INTO "users" ("first_name", "last_name", "email", "created_at", "updated_at", "id") VALUES ('MyString', 'MyString', 'MyString', '2015-04-20 17:07:59', '2015-04-20 17:07:59', 298486374)[0m
  [1m[35m (1.6ms)[0m  commit transaction
  [1m[36m (0.1ms)[0m  [1mbegin transaction[0m
--------------------------------------
UserTest: test_email_should_be_present
--------------------------------------
  [1m[35m (0.1ms)[0m  rollback transaction
  [1m[36m (0.1ms)[0m  [1mbegin transaction[0m
-------------------------------------------
UserTest: test_email_should_not_be_too_long
-------------------------------------------
  [1m[35m (0.0ms)[0m  rollback transaction
  [1m[36m (0.0ms)[0m  [1mbegin transaction[0m
-------------------------------------------
UserTest: test_first_name_should_be_present
-------------------------------------------
  [1m[35m (0.0ms)[0m  rollback transaction
  [1m[36m (0.0ms)[0m  [1mbegin transaction[0m
------------------------------------------------
UserTest: test_first_name_should_not_be_too_long
------------------------------------------------
  [1m[35m (0.0ms)[0m  rollback transaction
  [1m[36m (0.0ms)[0m  [1mbegin transaction[0m
------------------------------------------
UserTest: test_last_name_should_be_present
------------------------------------------
  [1m[35m (0.0ms)[0m  rollback transaction
  [1m[36m (0.0ms)[0m  [1mbegin transaction[0m
-----------------------------------------------
UserTest: test_last_name_should_not_be_too_long
-----------------------------------------------
  [1m[35m (0.0ms)[0m  rollback transaction
  [1m[36m (0.0ms)[0m  [1mbegin transaction[0m
------------------------------
UserTest: test_should_be_valid
------------------------------
  [1m[35m (0.1ms)[0m  rollback transaction
  [1m[36mActiveRecord::SchemaMigration Load (0.1ms)[0m  [1mSELECT "schema_migrations".* FROM "schema_migrations"[0m
  [1m[35m (0.1ms)[0m  begin transaction
  [1m[36mFixture Delete (0.2ms)[0m  [1mDELETE FROM "users"[0m
  [1m[35mFixture Insert (0.1ms)[0m  INSERT INTO "users" ("first_name", "last_name", "email", "created_at", "updated_at", "id") VALUES ('MyString', 'MyString', 'MyString', '2015-04-20 17:17:10', '2015-04-20 17:17:10', 980190962)
  [1m[36mFixture Insert (0.1ms)[0m  [1mINSERT INTO "users" ("first_name", "last_name", "email", "created_at", "updated_at", "id") VALUES ('MyString', 'MyString', 'MyString', '2015-04-20 17:17:10', '2015-04-20 17:17:10', 298486374)[0m
  [1m[35m (1.7ms)[0m  commit transaction
  [1m[36m (0.1ms)[0m  [1mbegin transaction[0m
--------------------------------------
UserTest: test_email_should_be_present
--------------------------------------
  [1m[35m (0.1ms)[0m  rollback transaction
  [1m[36m (0.1ms)[0m  [1mbegin transaction[0m
-------------------------------------------
UserTest: test_email_should_not_be_too_long
-------------------------------------------
  [1m[35m (0.0ms)[0m  rollback transaction
  [1m[36m (0.0ms)[0m  [1mbegin transaction[0m
-------------------------------------------------------------
UserTest: test_email_validation_should_accept_valid_addresses
-------------------------------------------------------------
  [1m[35m (0.0ms)[0m  rollback transaction
  [1m[36m (0.0ms)[0m  [1mbegin transaction[0m
---------------------------------------------------------------
UserTest: test_email_validation_should_reject_invalid_addresses
---------------------------------------------------------------
  [1m[35m (0.0ms)[0m  rollback transaction
  [1m[36m (0.0ms)[0m  [1mbegin transaction[0m
-------------------------------------------
UserTest: test_first_name_should_be_present
-------------------------------------------
  [1m[35m (0.1ms)[0m  rollback transaction
  [1m[36m (0.0ms)[0m  [1mbegin transaction[0m
------------------------------------------------
UserTest: test_first_name_should_not_be_too_long
------------------------------------------------
  [1m[35m (0.0ms)[0m  rollback transaction
  [1m[36m (0.0ms)[0m  [1mbegin transaction[0m
------------------------------------------
UserTest: test_last_name_should_be_present
------------------------------------------
  [1m[35m (0.0ms)[0m  rollback transaction
  [1m[36m (0.0ms)[0m  [1mbegin transaction[0m
-----------------------------------------------
UserTest: test_last_name_should_not_be_too_long
-----------------------------------------------
  [1m[35m (0.0ms)[0m  rollback transaction
  [1m[36m (0.0ms)[0m  [1mbegin transaction[0m
------------------------------
UserTest: test_should_be_valid
------------------------------
  [1m[35m (0.0ms)[0m  rollback transaction
  [1m[36mActiveRecord::SchemaMigration Load (0.1ms)[0m  [1mSELECT "schema_migrations".* FROM "schema_migrations"[0m
  [1m[35m (0.1ms)[0m  begin transaction
  [1m[36mFixture Delete (0.7ms)[0m  [1mDELETE FROM "users"[0m
  [1m[35mFixture Insert (0.1ms)[0m  INSERT INTO "users" ("first_name", "last_name", "email", "created_at", "updated_at", "id") VALUES ('MyString', 'MyString', 'MyString', '2015-04-20 17:17:38', '2015-04-20 17:17:38', 980190962)
  [1m[36mFixture Insert (0.0ms)[0m  [1mINSERT INTO "users" ("first_name", "last_name", "email", "created_at", "updated_at", "id") VALUES ('MyString', 'MyString', 'MyString', '2015-04-20 17:17:38', '2015-04-20 17:17:38', 298486374)[0m
  [1m[35m (1.7ms)[0m  commit transaction
  [1m[36m (0.1ms)[0m  [1mbegin transaction[0m
--------------------------------------
UserTest: test_email_should_be_present
--------------------------------------
  [1m[35m (0.1ms)[0m  rollback transaction
  [1m[36m (0.1ms)[0m  [1mbegin transaction[0m
-------------------------------------------
UserTest: test_email_should_not_be_too_long
-------------------------------------------
  [1m[35m (0.0ms)[0m  rollback transaction
  [1m[36m (0.0ms)[0m  [1mbegin transaction[0m
-------------------------------------------------------------
UserTest: test_email_validation_should_accept_valid_addresses
-------------------------------------------------------------
  [1m[35m (0.0ms)[0m  rollback transaction
  [1m[36m (0.1ms)[0m  [1mbegin transaction[0m
---------------------------------------------------------------
UserTest: test_email_validation_should_reject_invalid_addresses
---------------------------------------------------------------
  [1m[35m (0.0ms)[0m  rollback transaction
  [1m[36m (0.1ms)[0m  [1mbegin transaction[0m
-------------------------------------------
UserTest: test_first_name_should_be_present
-------------------------------------------
  [1m[35m (0.0ms)[0m  rollback transaction
  [1m[36m (0.1ms)[0m  [1mbegin transaction[0m
------------------------------------------------
UserTest: test_first_name_should_not_be_too_long
------------------------------------------------
  [1m[35m (0.0ms)[0m  rollback transaction
  [1m[36m (0.0ms)[0m  [1mbegin transaction[0m
------------------------------------------
UserTest: test_last_name_should_be_present
------------------------------------------
  [1m[35m (0.0ms)[0m  rollback transaction
  [1m[36m (0.0ms)[0m  [1mbegin transaction[0m
-----------------------------------------------
UserTest: test_last_name_should_not_be_too_long
-----------------------------------------------
  [1m[35m (0.0ms)[0m  rollback transaction
  [1m[36m (0.0ms)[0m  [1mbegin transaction[0m
------------------------------
UserTest: test_should_be_valid
------------------------------
  [1m[35m (0.0ms)[0m  rollback transaction
  [1m[36mActiveRecord::SchemaMigration Load (0.1ms)[0m  [1mSELECT "schema_migrations".* FROM "schema_migrations"[0m
  [1m[35m (0.1ms)[0m  begin transaction
  [1m[36mFixture Delete (0.2ms)[0m  [1mDELETE FROM "users"[0m
  [1m[35mFixture Insert (0.1ms)[0m  INSERT INTO "users" ("first_name", "last_name", "email", "created_at", "updated_at", "id") VALUES ('MyString', 'MyString', 'MyString', '2015-04-20 17:24:27', '2015-04-20 17:24:27', 980190962)
  [1m[36mFixture Insert (0.1ms)[0m  [1mINSERT INTO "users" ("first_name", "last_name", "email", "created_at", "updated_at", "id") VALUES ('MyString', 'MyString', 'MyString', '2015-04-20 17:24:27', '2015-04-20 17:24:27', 298486374)[0m
  [1m[35m (1.4ms)[0m  commit transaction
  [1m[36m (0.1ms)[0m  [1mbegin transaction[0m
--------------------------------------
UserTest: test_email_should_be_present
--------------------------------------
  [1m[35m (0.1ms)[0m  rollback transaction
  [1m[36m (0.0ms)[0m  [1mbegin transaction[0m
-------------------------------------------
UserTest: test_email_should_not_be_too_long
-------------------------------------------
  [1m[35m (0.0ms)[0m  rollback transaction
  [1m[36m (0.0ms)[0m  [1mbegin transaction[0m
-------------------------------------------------------------
UserTest: test_email_validation_should_accept_valid_addresses
-------------------------------------------------------------
  [1m[35m (0.0ms)[0m  rollback transaction
  [1m[36m (0.0ms)[0m  [1mbegin transaction[0m
---------------------------------------------------------------
UserTest: test_email_validation_should_reject_invalid_addresses
---------------------------------------------------------------
  [1m[35m (0.0ms)[0m  rollback transaction
  [1m[36m (0.0ms)[0m  [1mbegin transaction[0m
-------------------------------------------
UserTest: test_first_name_should_be_present
-------------------------------------------
  [1m[35m (0.0ms)[0m  rollback transaction
  [1m[36m (0.1ms)[0m  [1mbegin transaction[0m
------------------------------------------------
UserTest: test_first_name_should_not_be_too_long
------------------------------------------------
  [1m[35m (0.0ms)[0m  rollback transaction
  [1m[36m (0.0ms)[0m  [1mbegin transaction[0m
------------------------------------------
UserTest: test_last_name_should_be_present
------------------------------------------
  [1m[35m (0.0ms)[0m  rollback transaction
  [1m[36m (0.0ms)[0m  [1mbegin transaction[0m
-----------------------------------------------
UserTest: test_last_name_should_not_be_too_long
-----------------------------------------------
  [1m[35m (0.1ms)[0m  rollback transaction
  [1m[36m (0.0ms)[0m  [1mbegin transaction[0m
------------------------------
UserTest: test_should_be_valid
------------------------------
  [1m[35m (0.0ms)[0m  rollback transaction
  [1m[36mActiveRecord::SchemaMigration Load (0.1ms)[0m  [1mSELECT "schema_migrations".* FROM "schema_migrations"[0m
  [1m[36mActiveRecord::SchemaMigration Load (0.1ms)[0m  [1mSELECT "schema_migrations".* FROM "schema_migrations"[0m
  [1m[35m (0.1ms)[0m  begin transaction
  [1m[36mFixture Delete (0.2ms)[0m  [1mDELETE FROM "users"[0m
  [1m[35mFixture Insert (0.1ms)[0m  INSERT INTO "users" ("first_name", "last_name", "email", "created_at", "updated_at", "id") VALUES ('MyString', 'MyString', 'MyString', '2015-04-20 17:29:49', '2015-04-20 17:29:49', 980190962)
  [1m[36mFixture Insert (0.0ms)[0m  [1mINSERT INTO "users" ("first_name", "last_name", "email", "created_at", "updated_at", "id") VALUES ('MyString', 'MyString', 'MyString', '2015-04-20 17:29:49', '2015-04-20 17:29:49', 298486374)[0m
  [1m[35m (1.7ms)[0m  commit transaction
  [1m[36m (0.1ms)[0m  [1mbegin transaction[0m
----------------------------------------
UsersControllerTest: test_should_get_new
----------------------------------------
Processing by UsersController#new as HTML
  Rendered users/new.html.erb within layouts/application (2.0ms)
  Rendered layouts/_shim.html.erb (0.4ms)
  Rendered layouts/_header.html.erb (1.0ms)
  Rendered layouts/_footer.html.erb (0.7ms)
Completed 200 OK in 68ms (Views: 67.9ms | ActiveRecord: 0.0ms)
  [1m[35m (0.1ms)[0m  rollback transaction
  [1m[36m (0.1ms)[0m  [1mbegin transaction[0m
-----------------------------------------------
UserTest: test_email_addresses_should_be_unique
-----------------------------------------------
  [1m[35m (0.1ms)[0m  SAVEPOINT active_record_1
  [1m[36mUser Exists (0.2ms)[0m  [1mSELECT  1 AS one FROM "users" WHERE LOWER("users"."email") = LOWER('user@example.com') LIMIT 1[0m
  [1m[35mSQL (0.3ms)[0m  INSERT INTO "users" ("email", "first_name", "last_name", "created_at", "updated_at") VALUES (?, ?, ?, ?, ?)  [["email", "user@example.com"], ["first_name", "Example"], ["last_name", "User"], ["created_at", "2015-04-20 17:29:49.779353"], ["updated_at", "2015-04-20 17:29:49.779353"]]
  [1m[36m (0.0ms)[0m  [1mRELEASE SAVEPOINT active_record_1[0m
  [1m[35mUser Exists (0.1ms)[0m  SELECT  1 AS one FROM "users" WHERE LOWER("users"."email") = LOWER('USER@EXAMPLE.COM') LIMIT 1
  [1m[36m (0.4ms)[0m  [1mrollback transaction[0m
  [1m[35m (0.0ms)[0m  begin transaction
--------------------------------------
UserTest: test_email_should_be_present
--------------------------------------
  [1m[36mUser Exists (0.1ms)[0m  [1mSELECT  1 AS one FROM "users" WHERE LOWER("users"."email") = LOWER('      ') LIMIT 1[0m
  [1m[35m (0.0ms)[0m  rollback transaction
  [1m[36m (0.1ms)[0m  [1mbegin transaction[0m
-------------------------------------------
UserTest: test_email_should_not_be_too_long
-------------------------------------------
  [1m[35mUser Exists (0.1ms)[0m  SELECT  1 AS one FROM "users" WHERE LOWER("users"."email") = LOWER('aaaaaaaaaaaaaaaaaaaaaaaaaaaaaaaaaaaaaaaaaaaaaaaaaaaaaaaaaaaaaaaaaaaaaaaaaaaaaaaaaaaaaaaaaaaaaaaaaaaaaaaaaaaaaaaaaaaaaaaaaaaaaaaaaaaaaaaaaaaaaaaaaaaaaaaaaaaaaaaaaaaaaaaaaaaaaaaaaaaaaaaaaaaaaaaaaaaaaaaaaaaaaaaaaaaaaaaaaaaaaaaaaaaaaaaaaaaaaaaaaaaaaaaaaaaaaaaa') LIMIT 1
  [1m[36m (0.1ms)[0m  [1mrollback transaction[0m
  [1m[35m (0.0ms)[0m  begin transaction
-------------------------------------------------------------
UserTest: test_email_validation_should_accept_valid_addresses
-------------------------------------------------------------
  [1m[36mUser Exists (0.1ms)[0m  [1mSELECT  1 AS one FROM "users" WHERE LOWER("users"."email") = LOWER('user@example.com') LIMIT 1[0m
  [1m[35mUser Exists (0.0ms)[0m  SELECT  1 AS one FROM "users" WHERE LOWER("users"."email") = LOWER('USER@foo.COM') LIMIT 1
  [1m[36mUser Exists (0.0ms)[0m  [1mSELECT  1 AS one FROM "users" WHERE LOWER("users"."email") = LOWER('A_US-ER@foo.bar.org') LIMIT 1[0m
  [1m[35mUser Exists (0.1ms)[0m  SELECT  1 AS one FROM "users" WHERE LOWER("users"."email") = LOWER('first.last@foo.jp') LIMIT 1
  [1m[36mUser Exists (0.0ms)[0m  [1mSELECT  1 AS one FROM "users" WHERE LOWER("users"."email") = LOWER('allice+bob@baz.cn') LIMIT 1[0m
  [1m[35m (0.0ms)[0m  rollback transaction
  [1m[36m (0.0ms)[0m  [1mbegin transaction[0m
---------------------------------------------------------------
UserTest: test_email_validation_should_reject_invalid_addresses
---------------------------------------------------------------
  [1m[35mUser Exists (0.1ms)[0m  SELECT  1 AS one FROM "users" WHERE LOWER("users"."email") = LOWER('user@example,com') LIMIT 1
  [1m[36mUser Exists (0.0ms)[0m  [1mSELECT  1 AS one FROM "users" WHERE LOWER("users"."email") = LOWER('user_at_foo.org') LIMIT 1[0m
  [1m[35mUser Exists (0.0ms)[0m  SELECT  1 AS one FROM "users" WHERE LOWER("users"."email") = LOWER('user.name@example.') LIMIT 1
  [1m[36mUser Exists (0.0ms)[0m  [1mSELECT  1 AS one FROM "users" WHERE LOWER("users"."email") = LOWER('foo@bar_baz.com') LIMIT 1[0m
  [1m[35mUser Exists (0.0ms)[0m  SELECT  1 AS one FROM "users" WHERE LOWER("users"."email") = LOWER('foo@bar+baz.com') LIMIT 1
  [1m[36m (0.0ms)[0m  [1mrollback transaction[0m
  [1m[35m (0.0ms)[0m  begin transaction
-------------------------------------------
UserTest: test_first_name_should_be_present
-------------------------------------------
  [1m[36mUser Exists (0.1ms)[0m  [1mSELECT  1 AS one FROM "users" WHERE LOWER("users"."email") = LOWER('user@example.com') LIMIT 1[0m
  [1m[35m (0.0ms)[0m  rollback transaction
  [1m[36m (0.0ms)[0m  [1mbegin transaction[0m
------------------------------------------------
UserTest: test_first_name_should_not_be_too_long
------------------------------------------------
  [1m[35mUser Exists (0.1ms)[0m  SELECT  1 AS one FROM "users" WHERE LOWER("users"."email") = LOWER('user@example.com') LIMIT 1
  [1m[36m (0.0ms)[0m  [1mrollback transaction[0m
  [1m[35m (0.0ms)[0m  begin transaction
------------------------------------------
UserTest: test_last_name_should_be_present
------------------------------------------
  [1m[36mUser Exists (0.1ms)[0m  [1mSELECT  1 AS one FROM "users" WHERE LOWER("users"."email") = LOWER('user@example.com') LIMIT 1[0m
  [1m[35m (0.0ms)[0m  rollback transaction
  [1m[36m (0.0ms)[0m  [1mbegin transaction[0m
-----------------------------------------------
UserTest: test_last_name_should_not_be_too_long
-----------------------------------------------
  [1m[35mUser Exists (0.2ms)[0m  SELECT  1 AS one FROM "users" WHERE LOWER("users"."email") = LOWER('user@example.com') LIMIT 1
  [1m[36m (0.1ms)[0m  [1mrollback transaction[0m
  [1m[35m (0.0ms)[0m  begin transaction
------------------------------
UserTest: test_should_be_valid
------------------------------
  [1m[36mUser Exists (0.1ms)[0m  [1mSELECT  1 AS one FROM "users" WHERE LOWER("users"."email") = LOWER('user@example.com') LIMIT 1[0m
  [1m[35m (0.0ms)[0m  rollback transaction
  [1m[36m (0.0ms)[0m  [1mbegin transaction[0m
------------------------------------------------
StaticPagesControllerTest: test_should_get_about
------------------------------------------------
Processing by StaticPagesController#about as HTML
  Rendered static_pages/about.html.erb within layouts/application (0.6ms)
  Rendered layouts/_shim.html.erb (0.1ms)
  Rendered layouts/_header.html.erb (0.4ms)
  Rendered layouts/_footer.html.erb (0.2ms)
Completed 200 OK in 11ms (Views: 10.3ms | ActiveRecord: 0.0ms)
  [1m[35m (0.1ms)[0m  rollback transaction
  [1m[36m (0.0ms)[0m  [1mbegin transaction[0m
--------------------------------------------------
StaticPagesControllerTest: test_should_get_contact
--------------------------------------------------
Processing by StaticPagesController#contact as HTML
  Rendered static_pages/contact.html.erb within layouts/application (0.6ms)
  Rendered layouts/_shim.html.erb (0.1ms)
  Rendered layouts/_header.html.erb (0.3ms)
  Rendered layouts/_footer.html.erb (0.2ms)
Completed 200 OK in 6ms (Views: 5.7ms | ActiveRecord: 0.0ms)
  [1m[35m (0.1ms)[0m  rollback transaction
  [1m[36m (0.1ms)[0m  [1mbegin transaction[0m
-----------------------------------------------
StaticPagesControllerTest: test_should_get_help
-----------------------------------------------
Processing by StaticPagesController#help as HTML
  Rendered static_pages/help.html.erb within layouts/application (0.5ms)
  Rendered layouts/_shim.html.erb (0.0ms)
  Rendered layouts/_header.html.erb (0.3ms)
  Rendered layouts/_footer.html.erb (0.1ms)
Completed 200 OK in 6ms (Views: 5.9ms | ActiveRecord: 0.0ms)
  [1m[35m (0.1ms)[0m  rollback transaction
  [1m[36m (0.1ms)[0m  [1mbegin transaction[0m
-----------------------------------------------
StaticPagesControllerTest: test_should_get_home
-----------------------------------------------
Processing by StaticPagesController#home as HTML
  Rendered static_pages/home.html.erb within layouts/application (2.7ms)
  Rendered layouts/_shim.html.erb (0.1ms)
  Rendered layouts/_header.html.erb (0.2ms)
  Rendered layouts/_footer.html.erb (0.2ms)
Completed 200 OK in 7ms (Views: 6.6ms | ActiveRecord: 0.0ms)
  [1m[35m (0.1ms)[0m  rollback transaction
  [1m[36m (0.0ms)[0m  [1mbegin transaction[0m
---------------------------------
SiteLayoutTest: test_layout_links
---------------------------------
Started GET "/" for 127.0.0.1 at 2015-04-20 12:29:49 -0500
Processing by StaticPagesController#home as HTML
  Rendered static_pages/home.html.erb within layouts/application (0.3ms)
  Rendered layouts/_shim.html.erb (0.0ms)
  Rendered layouts/_header.html.erb (0.4ms)
  Rendered layouts/_footer.html.erb (0.1ms)
Completed 200 OK in 11ms (Views: 2.1ms | ActiveRecord: 0.0ms)
Started GET "/signup" for 127.0.0.1 at 2015-04-20 12:29:49 -0500
Processing by UsersController#new as HTML
  Rendered users/new.html.erb within layouts/application (0.1ms)
  Rendered layouts/_shim.html.erb (0.0ms)
  Rendered layouts/_header.html.erb (0.3ms)
  Rendered layouts/_footer.html.erb (0.1ms)
Completed 200 OK in 2ms (Views: 1.5ms | ActiveRecord: 0.0ms)
  [1m[35m (0.1ms)[0m  rollback transaction
  [1m[36m (0.0ms)[0m  [1mbegin transaction[0m
---------------------------------------------
ApplicationHelperTest: test_full_title_helper
---------------------------------------------
  [1m[35m (0.0ms)[0m  rollback transaction
  [1m[36mActiveRecord::SchemaMigration Load (0.1ms)[0m  [1mSELECT "schema_migrations".* FROM "schema_migrations"[0m
  [1m[36m (2.0ms)[0m  [1mCREATE TABLE "users" ("id" INTEGER PRIMARY KEY AUTOINCREMENT NOT NULL, "first_name" varchar, "last_name" varchar, "email" varchar, "created_at" datetime NOT NULL, "updated_at" datetime NOT NULL) [0m
  [1m[35m (0.1ms)[0m  select sqlite_version(*)
  [1m[36m (1.1ms)[0m  [1mCREATE UNIQUE INDEX "index_users_on_email" ON "users" ("email")[0m
  [1m[35m (1.0ms)[0m  CREATE TABLE "schema_migrations" ("version" varchar NOT NULL) 
  [1m[36m (1.0ms)[0m  [1mCREATE UNIQUE INDEX "unique_schema_migrations" ON "schema_migrations" ("version")[0m
  [1m[35m (0.1ms)[0m  SELECT version FROM "schema_migrations"
  [1m[36m (0.8ms)[0m  [1mINSERT INTO "schema_migrations" (version) VALUES ('20150420173223')[0m
  [1m[35m (0.7ms)[0m  INSERT INTO "schema_migrations" (version) VALUES ('20150420162621')
  [1m[35mActiveRecord::SchemaMigration Load (0.1ms)[0m  SELECT "schema_migrations".* FROM "schema_migrations"
  [1m[36m (0.1ms)[0m  [1mbegin transaction[0m
  [1m[35mFixture Delete (0.2ms)[0m  DELETE FROM "users"
  [1m[36mFixture Insert (0.1ms)[0m  [1mINSERT INTO "users" ("first_name", "last_name", "email", "created_at", "updated_at", "id") VALUES ('MyString', 'MyString', 'MyString', '2015-04-20 17:34:27', '2015-04-20 17:34:27', 980190962)[0m
  [1m[35mFixture Insert (0.3ms)[0m  INSERT INTO "users" ("first_name", "last_name", "email", "created_at", "updated_at", "id") VALUES ('MyString', 'MyString', 'MyString', '2015-04-20 17:34:27', '2015-04-20 17:34:27', 298486374)
SQLite3::ConstraintException: UNIQUE constraint failed: users.email: INSERT INTO "users" ("first_name", "last_name", "email", "created_at", "updated_at", "id") VALUES ('MyString', 'MyString', 'MyString', '2015-04-20 17:34:27', '2015-04-20 17:34:27', 298486374)
  [1m[36m (1.1ms)[0m  [1mrollback transaction[0m
  [1m[35m (0.1ms)[0m  begin transaction
  [1m[36mFixture Delete (0.2ms)[0m  [1mDELETE FROM "users"[0m
  [1m[35mFixture Insert (0.1ms)[0m  INSERT INTO "users" ("first_name", "last_name", "email", "created_at", "updated_at", "id") VALUES ('MyString', 'MyString', 'MyString', '2015-04-20 17:34:27', '2015-04-20 17:34:27', 980190962)
  [1m[36mFixture Insert (0.4ms)[0m  [1mINSERT INTO "users" ("first_name", "last_name", "email", "created_at", "updated_at", "id") VALUES ('MyString', 'MyString', 'MyString', '2015-04-20 17:34:27', '2015-04-20 17:34:27', 298486374)[0m
SQLite3::ConstraintException: UNIQUE constraint failed: users.email: INSERT INTO "users" ("first_name", "last_name", "email", "created_at", "updated_at", "id") VALUES ('MyString', 'MyString', 'MyString', '2015-04-20 17:34:27', '2015-04-20 17:34:27', 298486374)
  [1m[35m (0.5ms)[0m  rollback transaction
  [1m[36m (0.1ms)[0m  [1mbegin transaction[0m
  [1m[35mFixture Delete (0.2ms)[0m  DELETE FROM "users"
  [1m[36mFixture Insert (0.1ms)[0m  [1mINSERT INTO "users" ("first_name", "last_name", "email", "created_at", "updated_at", "id") VALUES ('MyString', 'MyString', 'MyString', '2015-04-20 17:34:27', '2015-04-20 17:34:27', 980190962)[0m
  [1m[35mFixture Insert (0.5ms)[0m  INSERT INTO "users" ("first_name", "last_name", "email", "created_at", "updated_at", "id") VALUES ('MyString', 'MyString', 'MyString', '2015-04-20 17:34:27', '2015-04-20 17:34:27', 298486374)
SQLite3::ConstraintException: UNIQUE constraint failed: users.email: INSERT INTO "users" ("first_name", "last_name", "email", "created_at", "updated_at", "id") VALUES ('MyString', 'MyString', 'MyString', '2015-04-20 17:34:27', '2015-04-20 17:34:27', 298486374)
  [1m[36m (0.5ms)[0m  [1mrollback transaction[0m
  [1m[35m (0.1ms)[0m  begin transaction
  [1m[36mFixture Delete (0.2ms)[0m  [1mDELETE FROM "users"[0m
  [1m[35mFixture Insert (0.1ms)[0m  INSERT INTO "users" ("first_name", "last_name", "email", "created_at", "updated_at", "id") VALUES ('MyString', 'MyString', 'MyString', '2015-04-20 17:34:27', '2015-04-20 17:34:27', 980190962)
  [1m[36mFixture Insert (0.4ms)[0m  [1mINSERT INTO "users" ("first_name", "last_name", "email", "created_at", "updated_at", "id") VALUES ('MyString', 'MyString', 'MyString', '2015-04-20 17:34:27', '2015-04-20 17:34:27', 298486374)[0m
SQLite3::ConstraintException: UNIQUE constraint failed: users.email: INSERT INTO "users" ("first_name", "last_name", "email", "created_at", "updated_at", "id") VALUES ('MyString', 'MyString', 'MyString', '2015-04-20 17:34:27', '2015-04-20 17:34:27', 298486374)
  [1m[35m (0.4ms)[0m  rollback transaction
  [1m[36m (0.0ms)[0m  [1mbegin transaction[0m
  [1m[35mFixture Delete (0.2ms)[0m  DELETE FROM "users"
  [1m[36mFixture Insert (0.1ms)[0m  [1mINSERT INTO "users" ("first_name", "last_name", "email", "created_at", "updated_at", "id") VALUES ('MyString', 'MyString', 'MyString', '2015-04-20 17:34:27', '2015-04-20 17:34:27', 980190962)[0m
  [1m[35mFixture Insert (0.3ms)[0m  INSERT INTO "users" ("first_name", "last_name", "email", "created_at", "updated_at", "id") VALUES ('MyString', 'MyString', 'MyString', '2015-04-20 17:34:27', '2015-04-20 17:34:27', 298486374)
SQLite3::ConstraintException: UNIQUE constraint failed: users.email: INSERT INTO "users" ("first_name", "last_name", "email", "created_at", "updated_at", "id") VALUES ('MyString', 'MyString', 'MyString', '2015-04-20 17:34:27', '2015-04-20 17:34:27', 298486374)
  [1m[36m (0.4ms)[0m  [1mrollback transaction[0m
  [1m[35m (0.2ms)[0m  begin transaction
  [1m[36mFixture Delete (0.2ms)[0m  [1mDELETE FROM "users"[0m
  [1m[35mFixture Insert (0.1ms)[0m  INSERT INTO "users" ("first_name", "last_name", "email", "created_at", "updated_at", "id") VALUES ('MyString', 'MyString', 'MyString', '2015-04-20 17:34:27', '2015-04-20 17:34:27', 980190962)
  [1m[36mFixture Insert (0.4ms)[0m  [1mINSERT INTO "users" ("first_name", "last_name", "email", "created_at", "updated_at", "id") VALUES ('MyString', 'MyString', 'MyString', '2015-04-20 17:34:27', '2015-04-20 17:34:27', 298486374)[0m
SQLite3::ConstraintException: UNIQUE constraint failed: users.email: INSERT INTO "users" ("first_name", "last_name", "email", "created_at", "updated_at", "id") VALUES ('MyString', 'MyString', 'MyString', '2015-04-20 17:34:27', '2015-04-20 17:34:27', 298486374)
  [1m[35m (0.3ms)[0m  rollback transaction
  [1m[36m (0.1ms)[0m  [1mbegin transaction[0m
  [1m[35mFixture Delete (0.3ms)[0m  DELETE FROM "users"
  [1m[36mFixture Insert (0.1ms)[0m  [1mINSERT INTO "users" ("first_name", "last_name", "email", "created_at", "updated_at", "id") VALUES ('MyString', 'MyString', 'MyString', '2015-04-20 17:34:27', '2015-04-20 17:34:27', 980190962)[0m
  [1m[35mFixture Insert (0.4ms)[0m  INSERT INTO "users" ("first_name", "last_name", "email", "created_at", "updated_at", "id") VALUES ('MyString', 'MyString', 'MyString', '2015-04-20 17:34:27', '2015-04-20 17:34:27', 298486374)
SQLite3::ConstraintException: UNIQUE constraint failed: users.email: INSERT INTO "users" ("first_name", "last_name", "email", "created_at", "updated_at", "id") VALUES ('MyString', 'MyString', 'MyString', '2015-04-20 17:34:27', '2015-04-20 17:34:27', 298486374)
  [1m[36m (0.3ms)[0m  [1mrollback transaction[0m
  [1m[35m (0.0ms)[0m  begin transaction
  [1m[36mFixture Delete (0.1ms)[0m  [1mDELETE FROM "users"[0m
  [1m[35mFixture Insert (0.1ms)[0m  INSERT INTO "users" ("first_name", "last_name", "email", "created_at", "updated_at", "id") VALUES ('MyString', 'MyString', 'MyString', '2015-04-20 17:34:27', '2015-04-20 17:34:27', 980190962)
  [1m[36mFixture Insert (0.4ms)[0m  [1mINSERT INTO "users" ("first_name", "last_name", "email", "created_at", "updated_at", "id") VALUES ('MyString', 'MyString', 'MyString', '2015-04-20 17:34:27', '2015-04-20 17:34:27', 298486374)[0m
SQLite3::ConstraintException: UNIQUE constraint failed: users.email: INSERT INTO "users" ("first_name", "last_name", "email", "created_at", "updated_at", "id") VALUES ('MyString', 'MyString', 'MyString', '2015-04-20 17:34:27', '2015-04-20 17:34:27', 298486374)
  [1m[35m (0.3ms)[0m  rollback transaction
  [1m[36m (0.0ms)[0m  [1mbegin transaction[0m
  [1m[35mFixture Delete (0.2ms)[0m  DELETE FROM "users"
  [1m[36mFixture Insert (0.1ms)[0m  [1mINSERT INTO "users" ("first_name", "last_name", "email", "created_at", "updated_at", "id") VALUES ('MyString', 'MyString', 'MyString', '2015-04-20 17:34:27', '2015-04-20 17:34:27', 980190962)[0m
  [1m[35mFixture Insert (0.4ms)[0m  INSERT INTO "users" ("first_name", "last_name", "email", "created_at", "updated_at", "id") VALUES ('MyString', 'MyString', 'MyString', '2015-04-20 17:34:27', '2015-04-20 17:34:27', 298486374)
SQLite3::ConstraintException: UNIQUE constraint failed: users.email: INSERT INTO "users" ("first_name", "last_name", "email", "created_at", "updated_at", "id") VALUES ('MyString', 'MyString', 'MyString', '2015-04-20 17:34:27', '2015-04-20 17:34:27', 298486374)
  [1m[36m (0.2ms)[0m  [1mrollback transaction[0m
  [1m[35m (0.0ms)[0m  begin transaction
  [1m[36mFixture Delete (0.2ms)[0m  [1mDELETE FROM "users"[0m
  [1m[35mFixture Insert (0.2ms)[0m  INSERT INTO "users" ("first_name", "last_name", "email", "created_at", "updated_at", "id") VALUES ('MyString', 'MyString', 'MyString', '2015-04-20 17:34:27', '2015-04-20 17:34:27', 980190962)
  [1m[36mFixture Insert (0.5ms)[0m  [1mINSERT INTO "users" ("first_name", "last_name", "email", "created_at", "updated_at", "id") VALUES ('MyString', 'MyString', 'MyString', '2015-04-20 17:34:27', '2015-04-20 17:34:27', 298486374)[0m
SQLite3::ConstraintException: UNIQUE constraint failed: users.email: INSERT INTO "users" ("first_name", "last_name", "email", "created_at", "updated_at", "id") VALUES ('MyString', 'MyString', 'MyString', '2015-04-20 17:34:27', '2015-04-20 17:34:27', 298486374)
  [1m[35m (0.3ms)[0m  rollback transaction
  [1m[36m (0.1ms)[0m  [1mbegin transaction[0m
  [1m[35mFixture Delete (0.2ms)[0m  DELETE FROM "users"
  [1m[36mFixture Insert (0.1ms)[0m  [1mINSERT INTO "users" ("first_name", "last_name", "email", "created_at", "updated_at", "id") VALUES ('MyString', 'MyString', 'MyString', '2015-04-20 17:34:27', '2015-04-20 17:34:27', 980190962)[0m
  [1m[35mFixture Insert (0.6ms)[0m  INSERT INTO "users" ("first_name", "last_name", "email", "created_at", "updated_at", "id") VALUES ('MyString', 'MyString', 'MyString', '2015-04-20 17:34:27', '2015-04-20 17:34:27', 298486374)
SQLite3::ConstraintException: UNIQUE constraint failed: users.email: INSERT INTO "users" ("first_name", "last_name", "email", "created_at", "updated_at", "id") VALUES ('MyString', 'MyString', 'MyString', '2015-04-20 17:34:27', '2015-04-20 17:34:27', 298486374)
  [1m[36m (0.5ms)[0m  [1mrollback transaction[0m
  [1m[35m (0.1ms)[0m  begin transaction
  [1m[36mFixture Delete (0.2ms)[0m  [1mDELETE FROM "users"[0m
  [1m[35mFixture Insert (0.1ms)[0m  INSERT INTO "users" ("first_name", "last_name", "email", "created_at", "updated_at", "id") VALUES ('MyString', 'MyString', 'MyString', '2015-04-20 17:34:27', '2015-04-20 17:34:27', 980190962)
  [1m[36mFixture Insert (0.4ms)[0m  [1mINSERT INTO "users" ("first_name", "last_name", "email", "created_at", "updated_at", "id") VALUES ('MyString', 'MyString', 'MyString', '2015-04-20 17:34:27', '2015-04-20 17:34:27', 298486374)[0m
SQLite3::ConstraintException: UNIQUE constraint failed: users.email: INSERT INTO "users" ("first_name", "last_name", "email", "created_at", "updated_at", "id") VALUES ('MyString', 'MyString', 'MyString', '2015-04-20 17:34:27', '2015-04-20 17:34:27', 298486374)
  [1m[35m (0.5ms)[0m  rollback transaction
  [1m[36m (0.0ms)[0m  [1mbegin transaction[0m
  [1m[35mFixture Delete (0.2ms)[0m  DELETE FROM "users"
  [1m[36mFixture Insert (0.1ms)[0m  [1mINSERT INTO "users" ("first_name", "last_name", "email", "created_at", "updated_at", "id") VALUES ('MyString', 'MyString', 'MyString', '2015-04-20 17:34:27', '2015-04-20 17:34:27', 980190962)[0m
  [1m[35mFixture Insert (0.3ms)[0m  INSERT INTO "users" ("first_name", "last_name", "email", "created_at", "updated_at", "id") VALUES ('MyString', 'MyString', 'MyString', '2015-04-20 17:34:27', '2015-04-20 17:34:27', 298486374)
SQLite3::ConstraintException: UNIQUE constraint failed: users.email: INSERT INTO "users" ("first_name", "last_name", "email", "created_at", "updated_at", "id") VALUES ('MyString', 'MyString', 'MyString', '2015-04-20 17:34:27', '2015-04-20 17:34:27', 298486374)
  [1m[36m (0.4ms)[0m  [1mrollback transaction[0m
  [1m[35m (0.1ms)[0m  begin transaction
  [1m[36mFixture Delete (0.2ms)[0m  [1mDELETE FROM "users"[0m
  [1m[35mFixture Insert (0.1ms)[0m  INSERT INTO "users" ("first_name", "last_name", "email", "created_at", "updated_at", "id") VALUES ('MyString', 'MyString', 'MyString', '2015-04-20 17:34:27', '2015-04-20 17:34:27', 980190962)
  [1m[36mFixture Insert (0.3ms)[0m  [1mINSERT INTO "users" ("first_name", "last_name", "email", "created_at", "updated_at", "id") VALUES ('MyString', 'MyString', 'MyString', '2015-04-20 17:34:27', '2015-04-20 17:34:27', 298486374)[0m
SQLite3::ConstraintException: UNIQUE constraint failed: users.email: INSERT INTO "users" ("first_name", "last_name", "email", "created_at", "updated_at", "id") VALUES ('MyString', 'MyString', 'MyString', '2015-04-20 17:34:27', '2015-04-20 17:34:27', 298486374)
  [1m[35m (0.4ms)[0m  rollback transaction
  [1m[36m (0.1ms)[0m  [1mbegin transaction[0m
  [1m[35mFixture Delete (0.3ms)[0m  DELETE FROM "users"
  [1m[36mFixture Insert (0.1ms)[0m  [1mINSERT INTO "users" ("first_name", "last_name", "email", "created_at", "updated_at", "id") VALUES ('MyString', 'MyString', 'MyString', '2015-04-20 17:34:27', '2015-04-20 17:34:27', 980190962)[0m
  [1m[35mFixture Insert (0.5ms)[0m  INSERT INTO "users" ("first_name", "last_name", "email", "created_at", "updated_at", "id") VALUES ('MyString', 'MyString', 'MyString', '2015-04-20 17:34:27', '2015-04-20 17:34:27', 298486374)
SQLite3::ConstraintException: UNIQUE constraint failed: users.email: INSERT INTO "users" ("first_name", "last_name", "email", "created_at", "updated_at", "id") VALUES ('MyString', 'MyString', 'MyString', '2015-04-20 17:34:27', '2015-04-20 17:34:27', 298486374)
  [1m[36m (0.4ms)[0m  [1mrollback transaction[0m
  [1m[35m (0.0ms)[0m  begin transaction
  [1m[36mFixture Delete (0.2ms)[0m  [1mDELETE FROM "users"[0m
  [1m[35mFixture Insert (0.1ms)[0m  INSERT INTO "users" ("first_name", "last_name", "email", "created_at", "updated_at", "id") VALUES ('MyString', 'MyString', 'MyString', '2015-04-20 17:34:27', '2015-04-20 17:34:27', 980190962)
  [1m[36mFixture Insert (0.4ms)[0m  [1mINSERT INTO "users" ("first_name", "last_name", "email", "created_at", "updated_at", "id") VALUES ('MyString', 'MyString', 'MyString', '2015-04-20 17:34:27', '2015-04-20 17:34:27', 298486374)[0m
SQLite3::ConstraintException: UNIQUE constraint failed: users.email: INSERT INTO "users" ("first_name", "last_name", "email", "created_at", "updated_at", "id") VALUES ('MyString', 'MyString', 'MyString', '2015-04-20 17:34:27', '2015-04-20 17:34:27', 298486374)
  [1m[35m (0.3ms)[0m  rollback transaction
  [1m[36m (0.0ms)[0m  [1mbegin transaction[0m
  [1m[35mFixture Delete (0.2ms)[0m  DELETE FROM "users"
  [1m[36mFixture Insert (0.1ms)[0m  [1mINSERT INTO "users" ("first_name", "last_name", "email", "created_at", "updated_at", "id") VALUES ('MyString', 'MyString', 'MyString', '2015-04-20 17:34:27', '2015-04-20 17:34:27', 980190962)[0m
  [1m[35mFixture Insert (0.4ms)[0m  INSERT INTO "users" ("first_name", "last_name", "email", "created_at", "updated_at", "id") VALUES ('MyString', 'MyString', 'MyString', '2015-04-20 17:34:27', '2015-04-20 17:34:27', 298486374)
SQLite3::ConstraintException: UNIQUE constraint failed: users.email: INSERT INTO "users" ("first_name", "last_name", "email", "created_at", "updated_at", "id") VALUES ('MyString', 'MyString', 'MyString', '2015-04-20 17:34:27', '2015-04-20 17:34:27', 298486374)
  [1m[36m (0.4ms)[0m  [1mrollback transaction[0m
  [1m[36mActiveRecord::SchemaMigration Load (0.1ms)[0m  [1mSELECT "schema_migrations".* FROM "schema_migrations"[0m
  [1m[35m (0.1ms)[0m  begin transaction
  [1m[36mFixture Delete (0.3ms)[0m  [1mDELETE FROM "users"[0m
  [1m[35m (1.4ms)[0m  commit transaction
  [1m[36m (0.1ms)[0m  [1mbegin transaction[0m
-----------------------------------------------
UserTest: test_email_addresses_should_be_unique
-----------------------------------------------
  [1m[35m (0.0ms)[0m  SAVEPOINT active_record_1
  [1m[36mUser Exists (0.1ms)[0m  [1mSELECT  1 AS one FROM "users" WHERE LOWER("users"."email") = LOWER('user@example.com') LIMIT 1[0m
  [1m[35mSQL (0.3ms)[0m  INSERT INTO "users" ("email", "first_name", "last_name", "created_at", "updated_at") VALUES (?, ?, ?, ?, ?)  [["email", "user@example.com"], ["first_name", "Example"], ["last_name", "User"], ["created_at", "2015-04-20 17:36:04.296213"], ["updated_at", "2015-04-20 17:36:04.296213"]]
  [1m[36m (0.0ms)[0m  [1mRELEASE SAVEPOINT active_record_1[0m
  [1m[35mUser Exists (0.1ms)[0m  SELECT  1 AS one FROM "users" WHERE LOWER("users"."email") = LOWER('USER@EXAMPLE.COM') LIMIT 1
  [1m[36m (0.4ms)[0m  [1mrollback transaction[0m
  [1m[35m (0.0ms)[0m  begin transaction
--------------------------------------
UserTest: test_email_should_be_present
--------------------------------------
  [1m[36mUser Exists (0.1ms)[0m  [1mSELECT  1 AS one FROM "users" WHERE LOWER("users"."email") = LOWER('      ') LIMIT 1[0m
  [1m[35m (0.0ms)[0m  rollback transaction
  [1m[36m (0.0ms)[0m  [1mbegin transaction[0m
-------------------------------------------
UserTest: test_email_should_not_be_too_long
-------------------------------------------
  [1m[35mUser Exists (0.1ms)[0m  SELECT  1 AS one FROM "users" WHERE LOWER("users"."email") = LOWER('aaaaaaaaaaaaaaaaaaaaaaaaaaaaaaaaaaaaaaaaaaaaaaaaaaaaaaaaaaaaaaaaaaaaaaaaaaaaaaaaaaaaaaaaaaaaaaaaaaaaaaaaaaaaaaaaaaaaaaaaaaaaaaaaaaaaaaaaaaaaaaaaaaaaaaaaaaaaaaaaaaaaaaaaaaaaaaaaaaaaaaaaaaaaaaaaaaaaaaaaaaaaaaaaaaaaaaaaaaaaaaaaaaaaaaaaaaaaaaaaaaaaaaaaaaaaaaaa') LIMIT 1
  [1m[36m (0.0ms)[0m  [1mrollback transaction[0m
  [1m[35m (0.0ms)[0m  begin transaction
-------------------------------------------------------------
UserTest: test_email_validation_should_accept_valid_addresses
-------------------------------------------------------------
  [1m[36mUser Exists (0.1ms)[0m  [1mSELECT  1 AS one FROM "users" WHERE LOWER("users"."email") = LOWER('user@example.com') LIMIT 1[0m
  [1m[35mUser Exists (0.0ms)[0m  SELECT  1 AS one FROM "users" WHERE LOWER("users"."email") = LOWER('USER@foo.COM') LIMIT 1
  [1m[36mUser Exists (0.0ms)[0m  [1mSELECT  1 AS one FROM "users" WHERE LOWER("users"."email") = LOWER('A_US-ER@foo.bar.org') LIMIT 1[0m
  [1m[35mUser Exists (0.1ms)[0m  SELECT  1 AS one FROM "users" WHERE LOWER("users"."email") = LOWER('first.last@foo.jp') LIMIT 1
  [1m[36mUser Exists (0.1ms)[0m  [1mSELECT  1 AS one FROM "users" WHERE LOWER("users"."email") = LOWER('allice+bob@baz.cn') LIMIT 1[0m
  [1m[35m (0.1ms)[0m  rollback transaction
  [1m[36m (0.1ms)[0m  [1mbegin transaction[0m
---------------------------------------------------------------
UserTest: test_email_validation_should_reject_invalid_addresses
---------------------------------------------------------------
  [1m[35mUser Exists (0.1ms)[0m  SELECT  1 AS one FROM "users" WHERE LOWER("users"."email") = LOWER('user@example,com') LIMIT 1
  [1m[36mUser Exists (0.1ms)[0m  [1mSELECT  1 AS one FROM "users" WHERE LOWER("users"."email") = LOWER('user_at_foo.org') LIMIT 1[0m
  [1m[35mUser Exists (0.1ms)[0m  SELECT  1 AS one FROM "users" WHERE LOWER("users"."email") = LOWER('user.name@example.') LIMIT 1
  [1m[36mUser Exists (0.1ms)[0m  [1mSELECT  1 AS one FROM "users" WHERE LOWER("users"."email") = LOWER('foo@bar_baz.com') LIMIT 1[0m
  [1m[35mUser Exists (0.1ms)[0m  SELECT  1 AS one FROM "users" WHERE LOWER("users"."email") = LOWER('foo@bar+baz.com') LIMIT 1
  [1m[36m (0.0ms)[0m  [1mrollback transaction[0m
  [1m[35m (0.0ms)[0m  begin transaction
-------------------------------------------
UserTest: test_first_name_should_be_present
-------------------------------------------
  [1m[36mUser Exists (0.1ms)[0m  [1mSELECT  1 AS one FROM "users" WHERE LOWER("users"."email") = LOWER('user@example.com') LIMIT 1[0m
  [1m[35m (0.0ms)[0m  rollback transaction
  [1m[36m (0.0ms)[0m  [1mbegin transaction[0m
------------------------------------------------
UserTest: test_first_name_should_not_be_too_long
------------------------------------------------
  [1m[35mUser Exists (0.1ms)[0m  SELECT  1 AS one FROM "users" WHERE LOWER("users"."email") = LOWER('user@example.com') LIMIT 1
  [1m[36m (0.0ms)[0m  [1mrollback transaction[0m
  [1m[35m (0.0ms)[0m  begin transaction
------------------------------------------
UserTest: test_last_name_should_be_present
------------------------------------------
  [1m[36mUser Exists (0.1ms)[0m  [1mSELECT  1 AS one FROM "users" WHERE LOWER("users"."email") = LOWER('user@example.com') LIMIT 1[0m
  [1m[35m (0.0ms)[0m  rollback transaction
  [1m[36m (0.0ms)[0m  [1mbegin transaction[0m
-----------------------------------------------
UserTest: test_last_name_should_not_be_too_long
-----------------------------------------------
  [1m[35mUser Exists (0.1ms)[0m  SELECT  1 AS one FROM "users" WHERE LOWER("users"."email") = LOWER('user@example.com') LIMIT 1
  [1m[36m (0.0ms)[0m  [1mrollback transaction[0m
  [1m[35m (0.0ms)[0m  begin transaction
------------------------------
UserTest: test_should_be_valid
------------------------------
  [1m[36mUser Exists (0.1ms)[0m  [1mSELECT  1 AS one FROM "users" WHERE LOWER("users"."email") = LOWER('user@example.com') LIMIT 1[0m
  [1m[35m (0.1ms)[0m  rollback transaction
  [1m[36m (0.0ms)[0m  [1mbegin transaction[0m
----------------------------------------
UsersControllerTest: test_should_get_new
----------------------------------------
Processing by UsersController#new as HTML
  Rendered users/new.html.erb within layouts/application (1.1ms)
  Rendered layouts/_shim.html.erb (0.3ms)
  Rendered layouts/_header.html.erb (0.5ms)
  Rendered layouts/_footer.html.erb (0.4ms)
Completed 200 OK in 42ms (Views: 41.7ms | ActiveRecord: 0.0ms)
  [1m[35m (0.1ms)[0m  rollback transaction
  [1m[36m (0.0ms)[0m  [1mbegin transaction[0m
---------------------------------
SiteLayoutTest: test_layout_links
---------------------------------
Started GET "/" for 127.0.0.1 at 2015-04-20 12:36:04 -0500
Processing by StaticPagesController#home as HTML
  Rendered static_pages/home.html.erb within layouts/application (1.3ms)
  Rendered layouts/_shim.html.erb (0.0ms)
  Rendered layouts/_header.html.erb (0.2ms)
  Rendered layouts/_footer.html.erb (0.1ms)
Completed 200 OK in 16ms (Views: 8.7ms | ActiveRecord: 0.0ms)
Started GET "/signup" for 127.0.0.1 at 2015-04-20 12:36:04 -0500
Processing by UsersController#new as HTML
  Rendered users/new.html.erb within layouts/application (0.1ms)
  Rendered layouts/_shim.html.erb (0.0ms)
  Rendered layouts/_header.html.erb (0.2ms)
  Rendered layouts/_footer.html.erb (0.1ms)
Completed 200 OK in 2ms (Views: 1.4ms | ActiveRecord: 0.0ms)
  [1m[35m (0.1ms)[0m  rollback transaction
  [1m[36m (0.3ms)[0m  [1mbegin transaction[0m
------------------------------------------------
StaticPagesControllerTest: test_should_get_about
------------------------------------------------
Processing by StaticPagesController#about as HTML
  Rendered static_pages/about.html.erb within layouts/application (0.3ms)
  Rendered layouts/_shim.html.erb (0.0ms)
  Rendered layouts/_header.html.erb (0.2ms)
  Rendered layouts/_footer.html.erb (0.4ms)
Completed 200 OK in 5ms (Views: 4.4ms | ActiveRecord: 0.0ms)
  [1m[35m (0.1ms)[0m  rollback transaction
  [1m[36m (0.0ms)[0m  [1mbegin transaction[0m
--------------------------------------------------
StaticPagesControllerTest: test_should_get_contact
--------------------------------------------------
Processing by StaticPagesController#contact as HTML
  Rendered static_pages/contact.html.erb within layouts/application (0.6ms)
  Rendered layouts/_shim.html.erb (0.0ms)
  Rendered layouts/_header.html.erb (0.2ms)
  Rendered layouts/_footer.html.erb (0.3ms)
Completed 200 OK in 5ms (Views: 4.9ms | ActiveRecord: 0.0ms)
  [1m[35m (0.1ms)[0m  rollback transaction
  [1m[36m (0.0ms)[0m  [1mbegin transaction[0m
-----------------------------------------------
StaticPagesControllerTest: test_should_get_help
-----------------------------------------------
Processing by StaticPagesController#help as HTML
  Rendered static_pages/help.html.erb within layouts/application (0.5ms)
  Rendered layouts/_shim.html.erb (0.0ms)
  Rendered layouts/_header.html.erb (0.2ms)
  Rendered layouts/_footer.html.erb (0.3ms)
Completed 200 OK in 4ms (Views: 4.0ms | ActiveRecord: 0.0ms)
  [1m[35m (0.1ms)[0m  rollback transaction
  [1m[36m (0.0ms)[0m  [1mbegin transaction[0m
-----------------------------------------------
StaticPagesControllerTest: test_should_get_home
-----------------------------------------------
Processing by StaticPagesController#home as HTML
  Rendered static_pages/home.html.erb within layouts/application (0.2ms)
  Rendered layouts/_shim.html.erb (0.0ms)
  Rendered layouts/_header.html.erb (0.2ms)
  Rendered layouts/_footer.html.erb (0.3ms)
Completed 200 OK in 2ms (Views: 2.0ms | ActiveRecord: 0.0ms)
  [1m[35m (0.0ms)[0m  rollback transaction
  [1m[36m (0.0ms)[0m  [1mbegin transaction[0m
---------------------------------------------
ApplicationHelperTest: test_full_title_helper
---------------------------------------------
  [1m[35m (0.0ms)[0m  rollback transaction
